{
"contracts/Listings.sol":{"l":{"49":5,"50":5,"51":5,"52":5,"67":3,"78":235,"79":235,"109":163,"110":161,"111":160,"113":159,"114":159,"116":159,"117":6,"118":4,"123":2,"128":4,"130":153,"131":132,"132":131,"134":21,"138":3,"141":133,"145":132,"150":131,"160":131,"161":129,"163":129,"166":131,"180":6,"183":6,"187":6,"188":6,"189":3,"194":3,"202":3,"205":6,"210":6,"221":6,"224":6,"247":12,"248":2,"250":10,"253":10,"255":10,"257":9,"262":8,"267":7,"269":7,"271":6,"279":24,"280":24,"282":23,"283":2,"288":21,"295":5,"298":5,"300":5,"308":7,"325":21,"327":19,"328":19,"330":17,"333":2,"336":19,"339":7,"340":7,"341":6,"343":1,"346":12,"347":10,"349":2,"359":9,"360":8,"361":8,"376":23,"377":3,"378":3,"386":21,"387":2,"388":2,"397":22,"398":3,"399":3,"404":101,"405":100,"407":100,"408":100,"409":98,"412":98,"420":98,"422":98,"425":1,"429":3,"438":22,"439":3,"440":2,"458":42,"459":4,"465":3,"468":3,"469":2,"470":2,"472":1,"473":1,"482":26,"483":7,"490":20,"491":1,"498":1,"505":1},"path":"/Users/rwalters/Documents/GitHub.nosync/contracts/contracts/Listings.sol","s":{"1":5,"2":3,"3":235,"4":235,"5":163,"6":161,"7":160,"8":159,"9":159,"10":159,"11":6,"12":4,"13":2,"14":4,"15":153,"16":132,"17":131,"18":21,"19":3,"20":133,"21":132,"22":131,"23":129,"24":129,"25":131,"26":6,"27":6,"28":6,"29":3,"30":6,"31":6,"32":6,"33":6,"34":12,"35":2,"36":10,"37":10,"38":10,"39":9,"40":8,"41":7,"42":7,"43":6,"44":24,"45":24,"46":23,"47":2,"48":21,"49":5,"50":5,"51":21,"52":19,"53":19,"54":19,"55":7,"56":7,"57":6,"58":1,"59":12,"60":10,"61":2,"62":9,"63":8,"64":8,"65":23,"66":3,"67":21,"68":2,"69":22,"70":3,"71":3,"72":101,"73":100,"74":100,"75":100,"76":98,"77":98,"78":22,"79":3,"80":2,"81":42,"82":4,"83":3,"84":3,"85":2,"86":2,"87":1,"88":26,"89":7,"90":20,"91":1,"92":1},"b":{"1":[1,1],"2":[1,1],"3":[163,2],"4":[161,2],"5":[160,1],"6":[159,1],"7":[6,153],"8":[4,2],"9":[3,1],"10":[1,1],"11":[2,2],"12":[132,21],"13":[131,1],"14":[129,2],"15":[3,18],"16":[2,1],"17":[132,1],"18":[124,8],"19":[131,1],"20":[124,7],"21":[129,2],"22":[3,3],"23":[12,1],"24":[2,10],"25":[1,1],"26":[9,1],"27":[9,1],"28":[8,1],"29":[4,4],"30":[7,1],"31":[6,1],"32":[24,1],"33":[23,1],"34":[2,21],"35":[1,1],"36":[4,17],"37":[3,1],"38":[19,2],"39":[17,2],"40":[7,12],"41":[6,1],"42":[10,2],"43":[8,1],"44":[3,20],"45":[2,19],"46":[22,1],"47":[3,19],"48":[100,1],"49":[98,2],"50":[3,19],"51":[2,1],"52":[4,38],"53":[3,1],"54":[2,1],"55":[1,1],"56":[7,19],"57":[1,19]},"f":{"1":5,"2":3,"3":235,"4":163,"5":6,"6":12,"7":24,"8":7,"9":21,"10":9,"11":23,"12":21,"13":22,"14":22,"15":42,"16":26,"17":20,"18":1},"fnMap":{"1":{"name":"constructor","line":48,"loc":{"start":{"line":44,"column":4},"end":{"line":53,"column":4}}},"2":{"name":"supportsInterface","line":58,"loc":{"start":{"line":58,"column":4},"end":{"line":71,"column":4}}},"3":{"name":"emitListingUpdated","line":77,"loc":{"start":{"line":77,"column":4},"end":{"line":88,"column":4}}},"4":{"name":"setListing","line":108,"loc":{"start":{"line":100,"column":4},"end":{"line":167,"column":4}}},"5":{"name":"closeListing","line":175,"loc":{"start":{"line":175,"column":4},"end":{"line":233,"column":4}}},"6":{"name":"acceptListing","line":246,"loc":{"start":{"line":242,"column":4},"end":{"line":272,"column":4}}},"7":{"name":"cancelListing","line":278,"loc":{"start":{"line":278,"column":4},"end":{"line":301,"column":4}}},"8":{"name":"denySuperadminControl","line":307,"loc":{"start":{"line":307,"column":4},"end":{"line":309,"column":4}}},"9":{"name":"getListingPrice","line":318,"loc":{"start":{"line":318,"column":4},"end":{"line":352,"column":4}}},"10":{"name":"getListingPrice","line":358,"loc":{"start":{"line":358,"column":4},"end":{"line":369,"column":4}}},"11":{"name":"setRoyaltyNumerator","line":375,"loc":{"start":{"line":375,"column":4},"end":{"line":379,"column":4}}},"12":{"name":"setListingFee","line":385,"loc":{"start":{"line":385,"column":4},"end":{"line":389,"column":4}}},"13":{"name":"cancelAllListings","line":396,"loc":{"start":{"line":396,"column":4},"end":{"line":430,"column":4}}},"14":{"name":"withdraw","line":437,"loc":{"start":{"line":437,"column":4},"end":{"line":441,"column":4}}},"15":{"name":"withdrawTokens","line":453,"loc":{"start":{"line":453,"column":4},"end":{"line":476,"column":4}}},"16":{"name":"pause","line":481,"loc":{"start":{"line":481,"column":4},"end":{"line":484,"column":4}}},"17":{"name":"unpause","line":489,"loc":{"start":{"line":489,"column":4},"end":{"line":492,"column":4}}},"18":{"name":null,"line":504,"loc":{"start":{"line":504,"column":4},"end":{"line":506,"column":4}}}},"statementMap":{"1":{"start":{"line":49,"column":8},"end":{"line":49,"column":39}},"2":{"start":{"line":67,"column":8},"end":{"line":67,"column":2371}},"3":{"start":{"line":78,"column":8},"end":{"line":78,"column":56}},"4":{"start":{"line":79,"column":8},"end":{"line":79,"column":2734}},"5":{"start":{"line":109,"column":8},"end":{"line":109,"column":55}},"6":{"start":{"line":110,"column":8},"end":{"line":110,"column":68}},"7":{"start":{"line":111,"column":8},"end":{"line":111,"column":60}},"8":{"start":{"line":113,"column":8},"end":{"line":113,"column":56}},"9":{"start":{"line":114,"column":8},"end":{"line":114,"column":56}},"10":{"start":{"line":116,"column":8},"end":{"line":116,"column":4147}},"11":{"start":{"line":117,"column":12},"end":{"line":117,"column":4207}},"12":{"start":{"line":118,"column":16},"end":{"line":118,"column":4245}},"13":{"start":{"line":123,"column":16},"end":{"line":123,"column":4410}},"14":{"start":{"line":128,"column":12},"end":{"line":128,"column":55}},"15":{"start":{"line":130,"column":12},"end":{"line":130,"column":4643}},"16":{"start":{"line":131,"column":16},"end":{"line":131,"column":73}},"17":{"start":{"line":132,"column":16},"end":{"line":132,"column":68}},"18":{"start":{"line":134,"column":16},"end":{"line":134,"column":4849}},"19":{"start":{"line":138,"column":16},"end":{"line":138,"column":59}},"20":{"start":{"line":141,"column":8},"end":{"line":141,"column":5061}},"21":{"start":{"line":145,"column":8},"end":{"line":145,"column":5180}},"22":{"start":{"line":160,"column":8},"end":{"line":160,"column":5639}},"23":{"start":{"line":161,"column":12},"end":{"line":161,"column":40}},"24":{"start":{"line":163,"column":12},"end":{"line":163,"column":73}},"25":{"start":{"line":166,"column":8},"end":{"line":166,"column":34}},"26":{"start":{"line":180,"column":8},"end":{"line":180,"column":55}},"27":{"start":{"line":187,"column":8},"end":{"line":187,"column":23}},"28":{"start":{"line":188,"column":8},"end":{"line":188,"column":6594}},"29":{"start":{"line":194,"column":12},"end":{"line":194,"column":6815}},"30":{"start":{"line":205,"column":8},"end":{"line":205,"column":59}},"31":{"start":{"line":210,"column":8},"end":{"line":210,"column":7227}},"32":{"start":{"line":221,"column":8},"end":{"line":221,"column":75}},"33":{"start":{"line":224,"column":8},"end":{"line":224,"column":7622}},"34":{"start":{"line":247,"column":8},"end":{"line":247,"column":8351}},"35":{"start":{"line":248,"column":12},"end":{"line":248,"column":77}},"36":{"start":{"line":250,"column":12},"end":{"line":250,"column":67}},"37":{"start":{"line":253,"column":8},"end":{"line":253,"column":56}},"38":{"start":{"line":255,"column":8},"end":{"line":255,"column":59}},"39":{"start":{"line":257,"column":8},"end":{"line":257,"column":8703}},"40":{"start":{"line":262,"column":8},"end":{"line":262,"column":8843}},"41":{"start":{"line":267,"column":8},"end":{"line":267,"column":48}},"42":{"start":{"line":269,"column":8},"end":{"line":269,"column":56}},"43":{"start":{"line":271,"column":8},"end":{"line":271,"column":42}},"44":{"start":{"line":279,"column":8},"end":{"line":279,"column":55}},"45":{"start":{"line":280,"column":8},"end":{"line":280,"column":51}},"46":{"start":{"line":282,"column":8},"end":{"line":282,"column":9413}},"47":{"start":{"line":283,"column":12},"end":{"line":283,"column":9473}},"48":{"start":{"line":288,"column":12},"end":{"line":288,"column":9618}},"49":{"start":{"line":298,"column":8},"end":{"line":298,"column":69}},"50":{"start":{"line":300,"column":8},"end":{"line":300,"column":34}},"51":{"start":{"line":325,"column":8},"end":{"line":325,"column":52}},"52":{"start":{"line":327,"column":8},"end":{"line":327,"column":22}},"53":{"start":{"line":328,"column":8},"end":{"line":328,"column":10979}},"54":{"start":{"line":336,"column":8},"end":{"line":336,"column":11399}},"55":{"start":{"line":339,"column":12},"end":{"line":339,"column":62}},"56":{"start":{"line":340,"column":12},"end":{"line":340,"column":11621}},"57":{"start":{"line":341,"column":16},"end":{"line":341,"column":49}},"58":{"start":{"line":343,"column":16},"end":{"line":343,"column":40}},"59":{"start":{"line":346,"column":12},"end":{"line":346,"column":11819}},"60":{"start":{"line":347,"column":16},"end":{"line":347,"column":51}},"61":{"start":{"line":349,"column":16},"end":{"line":349,"column":24}},"62":{"start":{"line":359,"column":8},"end":{"line":359,"column":55}},"63":{"start":{"line":360,"column":8},"end":{"line":360,"column":56}},"64":{"start":{"line":361,"column":8},"end":{"line":361,"column":12306}},"65":{"start":{"line":376,"column":8},"end":{"line":376,"column":57}},"66":{"start":{"line":378,"column":8},"end":{"line":378,"column":68}},"67":{"start":{"line":386,"column":8},"end":{"line":386,"column":57}},"68":{"start":{"line":388,"column":8},"end":{"line":388,"column":56}},"69":{"start":{"line":397,"column":8},"end":{"line":397,"column":57}},"70":{"start":{"line":398,"column":8},"end":{"line":398,"column":51}},"71":{"start":{"line":399,"column":8},"end":{"line":399,"column":13666}},"72":{"start":{"line":404,"column":12},"end":{"line":404,"column":13824}},"73":{"start":{"line":405,"column":16},"end":{"line":405,"column":66}},"74":{"start":{"line":407,"column":16},"end":{"line":407,"column":63}},"75":{"start":{"line":408,"column":16},"end":{"line":408,"column":14027}},"76":{"start":{"line":412,"column":20},"end":{"line":412,"column":14214}},"77":{"start":{"line":420,"column":20},"end":{"line":420,"column":46}},"78":{"start":{"line":438,"column":8},"end":{"line":438,"column":57}},"79":{"start":{"line":439,"column":8},"end":{"line":439,"column":71}},"80":{"start":{"line":440,"column":8},"end":{"line":440,"column":25}},"81":{"start":{"line":458,"column":8},"end":{"line":458,"column":57}},"82":{"start":{"line":459,"column":8},"end":{"line":459,"column":15671}},"83":{"start":{"line":465,"column":8},"end":{"line":465,"column":78}},"84":{"start":{"line":468,"column":8},"end":{"line":468,"column":16009}},"85":{"start":{"line":469,"column":12},"end":{"line":469,"column":60}},"86":{"start":{"line":470,"column":12},"end":{"line":470,"column":16132}},"87":{"start":{"line":473,"column":16},"end":{"line":473,"column":42}},"88":{"start":{"line":482,"column":8},"end":{"line":482,"column":57}},"89":{"start":{"line":483,"column":8},"end":{"line":483,"column":15}},"90":{"start":{"line":490,"column":8},"end":{"line":490,"column":57}},"91":{"start":{"line":491,"column":8},"end":{"line":491,"column":17}},"92":{"start":{"line":505,"column":8},"end":{"line":505,"column":35}}},"branchMap":{"1":{"line":68,"type":"cond-expr","locations":[{"start":{"line":68,"column":12},"end":{"line":68,"column":51}},{"start":{"line":69,"column":12},"end":{"line":69,"column":60}}]},"2":{"line":68,"type":"cond-expr","locations":[{"start":{"line":68,"column":12},"end":{"line":69,"column":60}},{"start":{"line":70,"column":12},"end":{"line":70,"column":58}}]},"3":{"line":108,"type":"if","locations":[{"start":{"line":108,"column":23},"end":{"line":108,"column":23}},{"start":{"line":108,"column":23},"end":{"line":108,"column":23}}]},"4":{"line":109,"type":"if","locations":[{"start":{"line":109,"column":8},"end":{"line":109,"column":8}},{"start":{"line":109,"column":8},"end":{"line":109,"column":8}}]},"5":{"line":110,"type":"if","locations":[{"start":{"line":110,"column":8},"end":{"line":110,"column":8}},{"start":{"line":110,"column":8},"end":{"line":110,"column":8}}]},"6":{"line":111,"type":"if","locations":[{"start":{"line":111,"column":8},"end":{"line":111,"column":8}},{"start":{"line":111,"column":8},"end":{"line":111,"column":8}}]},"7":{"line":116,"type":"if","locations":[{"start":{"line":116,"column":8},"end":{"line":116,"column":8}},{"start":{"line":116,"column":8},"end":{"line":116,"column":8}}]},"8":{"line":117,"type":"if","locations":[{"start":{"line":117,"column":12},"end":{"line":117,"column":12}},{"start":{"line":117,"column":12},"end":{"line":117,"column":12}}]},"9":{"line":118,"type":"if","locations":[{"start":{"line":118,"column":16},"end":{"line":118,"column":16}},{"start":{"line":118,"column":16},"end":{"line":118,"column":16}}]},"10":{"line":123,"type":"if","locations":[{"start":{"line":123,"column":16},"end":{"line":123,"column":16}},{"start":{"line":123,"column":16},"end":{"line":123,"column":16}}]},"11":{"line":128,"type":"if","locations":[{"start":{"line":128,"column":12},"end":{"line":128,"column":12}},{"start":{"line":128,"column":12},"end":{"line":128,"column":12}}]},"12":{"line":130,"type":"if","locations":[{"start":{"line":130,"column":12},"end":{"line":130,"column":12}},{"start":{"line":130,"column":12},"end":{"line":130,"column":12}}]},"13":{"line":131,"type":"if","locations":[{"start":{"line":131,"column":16},"end":{"line":131,"column":16}},{"start":{"line":131,"column":16},"end":{"line":131,"column":16}}]},"14":{"line":132,"type":"if","locations":[{"start":{"line":132,"column":16},"end":{"line":132,"column":16}},{"start":{"line":132,"column":16},"end":{"line":132,"column":16}}]},"15":{"line":134,"type":"if","locations":[{"start":{"line":134,"column":16},"end":{"line":134,"column":16}},{"start":{"line":134,"column":16},"end":{"line":134,"column":16}}]},"16":{"line":138,"type":"if","locations":[{"start":{"line":138,"column":16},"end":{"line":138,"column":16}},{"start":{"line":138,"column":16},"end":{"line":138,"column":16}}]},"17":{"line":141,"type":"if","locations":[{"start":{"line":141,"column":8},"end":{"line":141,"column":8}},{"start":{"line":141,"column":8},"end":{"line":141,"column":8}}]},"18":{"line":142,"type":"cond-expr","locations":[{"start":{"line":142,"column":12},"end":{"line":142,"column":26}},{"start":{"line":142,"column":31},"end":{"line":142,"column":55}}]},"19":{"line":145,"type":"if","locations":[{"start":{"line":145,"column":8},"end":{"line":145,"column":8}},{"start":{"line":145,"column":8},"end":{"line":145,"column":8}}]},"20":{"line":146,"type":"cond-expr","locations":[{"start":{"line":146,"column":12},"end":{"line":146,"column":26}},{"start":{"line":146,"column":31},"end":{"line":146,"column":58}}]},"21":{"line":160,"type":"if","locations":[{"start":{"line":160,"column":8},"end":{"line":160,"column":8}},{"start":{"line":160,"column":8},"end":{"line":160,"column":8}}]},"22":{"line":188,"type":"if","locations":[{"start":{"line":188,"column":8},"end":{"line":188,"column":8}},{"start":{"line":188,"column":8},"end":{"line":188,"column":8}}]},"23":{"line":246,"type":"if","locations":[{"start":{"line":246,"column":15},"end":{"line":246,"column":15}},{"start":{"line":246,"column":15},"end":{"line":246,"column":15}}]},"24":{"line":247,"type":"if","locations":[{"start":{"line":247,"column":8},"end":{"line":247,"column":8}},{"start":{"line":247,"column":8},"end":{"line":247,"column":8}}]},"25":{"line":248,"type":"if","locations":[{"start":{"line":248,"column":12},"end":{"line":248,"column":12}},{"start":{"line":248,"column":12},"end":{"line":248,"column":12}}]},"26":{"line":250,"type":"if","locations":[{"start":{"line":250,"column":12},"end":{"line":250,"column":12}},{"start":{"line":250,"column":12},"end":{"line":250,"column":12}}]},"27":{"line":255,"type":"if","locations":[{"start":{"line":255,"column":8},"end":{"line":255,"column":8}},{"start":{"line":255,"column":8},"end":{"line":255,"column":8}}]},"28":{"line":257,"type":"if","locations":[{"start":{"line":257,"column":8},"end":{"line":257,"column":8}},{"start":{"line":257,"column":8},"end":{"line":257,"column":8}}]},"29":{"line":258,"type":"cond-expr","locations":[{"start":{"line":258,"column":12},"end":{"line":258,"column":34}},{"start":{"line":258,"column":39},"end":{"line":258,"column":74}}]},"30":{"line":262,"type":"if","locations":[{"start":{"line":262,"column":8},"end":{"line":262,"column":8}},{"start":{"line":262,"column":8},"end":{"line":262,"column":8}}]},"31":{"line":269,"type":"if","locations":[{"start":{"line":269,"column":8},"end":{"line":269,"column":8}},{"start":{"line":269,"column":8},"end":{"line":269,"column":8}}]},"32":{"line":278,"type":"if","locations":[{"start":{"line":278,"column":52},"end":{"line":278,"column":52}},{"start":{"line":278,"column":52},"end":{"line":278,"column":52}}]},"33":{"line":280,"type":"if","locations":[{"start":{"line":280,"column":8},"end":{"line":280,"column":8}},{"start":{"line":280,"column":8},"end":{"line":280,"column":8}}]},"34":{"line":282,"type":"if","locations":[{"start":{"line":282,"column":8},"end":{"line":282,"column":8}},{"start":{"line":282,"column":8},"end":{"line":282,"column":8}}]},"35":{"line":283,"type":"if","locations":[{"start":{"line":283,"column":12},"end":{"line":283,"column":12}},{"start":{"line":283,"column":12},"end":{"line":283,"column":12}}]},"36":{"line":288,"type":"if","locations":[{"start":{"line":288,"column":12},"end":{"line":288,"column":12}},{"start":{"line":288,"column":12},"end":{"line":288,"column":12}}]},"37":{"line":289,"type":"cond-expr","locations":[{"start":{"line":289,"column":16},"end":{"line":289,"column":35}},{"start":{"line":289,"column":40},"end":{"line":289,"column":68}}]},"38":{"line":325,"type":"if","locations":[{"start":{"line":325,"column":8},"end":{"line":325,"column":8}},{"start":{"line":325,"column":8},"end":{"line":325,"column":8}}]},"39":{"line":328,"type":"if","locations":[{"start":{"line":328,"column":8},"end":{"line":328,"column":8}},{"start":{"line":328,"column":8},"end":{"line":328,"column":8}}]},"40":{"line":336,"type":"if","locations":[{"start":{"line":336,"column":8},"end":{"line":336,"column":8}},{"start":{"line":336,"column":8},"end":{"line":336,"column":8}}]},"41":{"line":340,"type":"if","locations":[{"start":{"line":340,"column":12},"end":{"line":340,"column":12}},{"start":{"line":340,"column":12},"end":{"line":340,"column":12}}]},"42":{"line":346,"type":"if","locations":[{"start":{"line":346,"column":12},"end":{"line":346,"column":12}},{"start":{"line":346,"column":12},"end":{"line":346,"column":12}}]},"43":{"line":359,"type":"if","locations":[{"start":{"line":359,"column":8},"end":{"line":359,"column":8}},{"start":{"line":359,"column":8},"end":{"line":359,"column":8}}]},"44":{"line":376,"type":"if","locations":[{"start":{"line":376,"column":8},"end":{"line":376,"column":8}},{"start":{"line":376,"column":8},"end":{"line":376,"column":8}}]},"45":{"line":386,"type":"if","locations":[{"start":{"line":386,"column":8},"end":{"line":386,"column":8}},{"start":{"line":386,"column":8},"end":{"line":386,"column":8}}]},"46":{"line":396,"type":"if","locations":[{"start":{"line":396,"column":62},"end":{"line":396,"column":62}},{"start":{"line":396,"column":62},"end":{"line":396,"column":62}}]},"47":{"line":397,"type":"if","locations":[{"start":{"line":397,"column":8},"end":{"line":397,"column":8}},{"start":{"line":397,"column":8},"end":{"line":397,"column":8}}]},"48":{"line":404,"type":"if","locations":[{"start":{"line":404,"column":12},"end":{"line":404,"column":12}},{"start":{"line":404,"column":12},"end":{"line":404,"column":12}}]},"49":{"line":408,"type":"if","locations":[{"start":{"line":408,"column":16},"end":{"line":408,"column":16}},{"start":{"line":408,"column":16},"end":{"line":408,"column":16}}]},"50":{"line":438,"type":"if","locations":[{"start":{"line":438,"column":8},"end":{"line":438,"column":8}},{"start":{"line":438,"column":8},"end":{"line":438,"column":8}}]},"51":{"line":439,"type":"if","locations":[{"start":{"line":439,"column":8},"end":{"line":439,"column":8}},{"start":{"line":439,"column":8},"end":{"line":439,"column":8}}]},"52":{"line":458,"type":"if","locations":[{"start":{"line":458,"column":8},"end":{"line":458,"column":8}},{"start":{"line":458,"column":8},"end":{"line":458,"column":8}}]},"53":{"line":459,"type":"if","locations":[{"start":{"line":459,"column":8},"end":{"line":459,"column":8}},{"start":{"line":459,"column":8},"end":{"line":459,"column":8}}]},"54":{"line":468,"type":"if","locations":[{"start":{"line":468,"column":8},"end":{"line":468,"column":8}},{"start":{"line":468,"column":8},"end":{"line":468,"column":8}}]},"55":{"line":470,"type":"if","locations":[{"start":{"line":470,"column":12},"end":{"line":470,"column":12}},{"start":{"line":470,"column":12},"end":{"line":470,"column":12}}]},"56":{"line":482,"type":"if","locations":[{"start":{"line":482,"column":8},"end":{"line":482,"column":8}},{"start":{"line":482,"column":8},"end":{"line":482,"column":8}}]},"57":{"line":490,"type":"if","locations":[{"start":{"line":490,"column":8},"end":{"line":490,"column":8}},{"start":{"line":490,"column":8},"end":{"line":490,"column":8}}]}}},
"contracts/ListingsInterface.sol":{"l":{},"path":"/Users/rwalters/Documents/GitHub.nosync/contracts/contracts/ListingsInterface.sol","s":{},"b":{},"f":{},"fnMap":{},"statementMap":{},"branchMap":{}},
"contracts/Offers.sol":{"l":{"49":5,"50":5,"51":5,"52":5,"67":3,"82":454,"90":230,"111":174,"112":6,"114":168,"117":155,"118":154,"123":153,"124":132,"125":131,"127":130,"128":130,"130":130,"132":126,"133":4,"135":122,"137":122,"140":4,"143":125,"144":125,"145":125,"146":125,"147":125,"149":125,"152":122,"160":3,"163":1,"179":1,"189":125,"204":7,"205":3,"210":4,"213":5,"214":5,"215":5,"216":4,"218":3,"219":2,"223":2,"226":2,"230":2,"231":2,"232":1,"236":1,"244":1,"250":2,"259":2,"269":2,"277":9,"278":3,"280":6,"286":6,"287":6,"288":6,"291":5,"294":5,"302":5,"310":5,"318":22,"319":2,"320":2,"328":21,"329":2,"330":2,"340":22,"341":3,"342":3,"347":101,"348":100,"349":100,"350":100,"352":100,"353":98,"356":98,"364":98,"365":98,"368":1,"373":3,"382":22,"383":4,"384":3,"401":41,"402":3,"408":2,"415":25,"416":6,"423":21,"424":2,"431":1,"438":1},"path":"/Users/rwalters/Documents/GitHub.nosync/contracts/contracts/Offers.sol","s":{"1":5,"2":3,"3":454,"4":230,"5":174,"6":6,"7":168,"8":155,"9":154,"10":153,"11":132,"12":131,"13":130,"14":130,"15":130,"16":126,"17":4,"18":122,"19":122,"20":4,"21":125,"22":125,"23":122,"24":3,"25":1,"26":2,"27":1,"28":125,"29":7,"30":3,"31":4,"32":5,"33":5,"34":5,"35":4,"36":3,"37":2,"38":2,"39":2,"40":2,"41":1,"42":2,"43":2,"44":2,"45":9,"46":3,"47":6,"48":6,"49":6,"50":6,"51":5,"52":5,"53":22,"54":2,"55":21,"56":2,"57":22,"58":3,"59":3,"60":101,"61":100,"62":100,"63":100,"64":100,"65":98,"66":98,"67":22,"68":4,"69":3,"70":41,"71":3,"72":2,"73":25,"74":6,"75":21,"76":2,"77":1},"b":{"1":[1,1],"2":[1,1],"3":[174,1],"4":[6,168],"5":[5,1],"6":[150,18],"7":[154,1],"8":[153,1],"9":[135,18],"10":[132,21],"11":[131,1],"12":[130,1],"13":[126,4],"14":[4,122],"15":[2,2],"16":[120,2],"17":[3,1],"18":[122,3],"19":[1,2],"20":[1,1],"21":[7,1],"22":[3,4],"23":[2,1],"24":[3,1],"25":[4,1],"26":[3,1],"27":[2,1],"28":[1,1],"29":[1,1],"30":[9,1],"31":[3,6],"32":[1,2],"33":[5,1],"34":[4,1],"35":[5,1],"36":[2,20],"37":[2,19],"38":[22,1],"39":[3,19],"40":[100,1],"41":[98,2],"42":[4,18],"43":[3,1],"44":[3,38],"45":[2,1],"46":[6,19],"47":[2,19]},"f":{"1":5,"2":3,"3":454,"4":230,"5":174,"6":7,"7":9,"8":5,"9":22,"10":21,"11":22,"12":22,"13":41,"14":25,"15":21,"16":1},"fnMap":{"1":{"name":"constructor","line":48,"loc":{"start":{"line":44,"column":4},"end":{"line":53,"column":4}}},"2":{"name":"supportsInterface","line":58,"loc":{"start":{"line":58,"column":4},"end":{"line":71,"column":4}}},"3":{"name":"encodeKey","line":78,"loc":{"start":{"line":78,"column":4},"end":{"line":83,"column":4}}},"4":{"name":"emitOfferUpdated","line":89,"loc":{"start":{"line":89,"column":4},"end":{"line":96,"column":4}}},"5":{"name":"setOffer","line":110,"loc":{"start":{"line":105,"column":4},"end":{"line":190,"column":4}}},"6":{"name":"acceptOffer","line":203,"loc":{"start":{"line":198,"column":4},"end":{"line":270,"column":4}}},"7":{"name":"cancelOffer","line":276,"loc":{"start":{"line":276,"column":4},"end":{"line":303,"column":4}}},"8":{"name":"denySuperadminControl","line":309,"loc":{"start":{"line":309,"column":4},"end":{"line":311,"column":4}}},"9":{"name":"setRoyaltyNumerator","line":317,"loc":{"start":{"line":317,"column":4},"end":{"line":321,"column":4}}},"10":{"name":"setOfferFee","line":327,"loc":{"start":{"line":327,"column":4},"end":{"line":331,"column":4}}},"11":{"name":"cancelAllOffers","line":339,"loc":{"start":{"line":339,"column":4},"end":{"line":374,"column":4}}},"12":{"name":"withdraw","line":381,"loc":{"start":{"line":381,"column":4},"end":{"line":385,"column":4}}},"13":{"name":"withdrawTokens","line":396,"loc":{"start":{"line":396,"column":4},"end":{"line":409,"column":4}}},"14":{"name":"pause","line":414,"loc":{"start":{"line":414,"column":4},"end":{"line":417,"column":4}}},"15":{"name":"unpause","line":422,"loc":{"start":{"line":422,"column":4},"end":{"line":425,"column":4}}},"16":{"name":null,"line":437,"loc":{"start":{"line":437,"column":4},"end":{"line":439,"column":4}}}},"statementMap":{"1":{"start":{"line":49,"column":8},"end":{"line":49,"column":39}},"2":{"start":{"line":67,"column":8},"end":{"line":67,"column":2314}},"3":{"start":{"line":82,"column":8},"end":{"line":82,"column":58}},"4":{"start":{"line":90,"column":8},"end":{"line":90,"column":2961}},"5":{"start":{"line":111,"column":8},"end":{"line":111,"column":3676}},"6":{"start":{"line":112,"column":12},"end":{"line":112,"column":77}},"7":{"start":{"line":114,"column":12},"end":{"line":114,"column":67}},"8":{"start":{"line":117,"column":8},"end":{"line":117,"column":42}},"9":{"start":{"line":118,"column":8},"end":{"line":118,"column":3951}},"10":{"start":{"line":123,"column":8},"end":{"line":123,"column":55}},"11":{"start":{"line":124,"column":8},"end":{"line":124,"column":68}},"12":{"start":{"line":125,"column":8},"end":{"line":125,"column":60}},"13":{"start":{"line":127,"column":8},"end":{"line":127,"column":47}},"14":{"start":{"line":128,"column":8},"end":{"line":128,"column":60}},"15":{"start":{"line":130,"column":8},"end":{"line":130,"column":4377}},"16":{"start":{"line":132,"column":12},"end":{"line":132,"column":4462}},"17":{"start":{"line":133,"column":16},"end":{"line":133,"column":57}},"18":{"start":{"line":135,"column":16},"end":{"line":135,"column":64}},"19":{"start":{"line":137,"column":12},"end":{"line":137,"column":31}},"20":{"start":{"line":140,"column":12},"end":{"line":140,"column":53}},"21":{"start":{"line":143,"column":8},"end":{"line":143,"column":49}},"22":{"start":{"line":149,"column":8},"end":{"line":149,"column":5067}},"23":{"start":{"line":152,"column":12},"end":{"line":152,"column":5216}},"24":{"start":{"line":160,"column":12},"end":{"line":160,"column":5427}},"25":{"start":{"line":163,"column":16},"end":{"line":163,"column":5584}},"26":{"start":{"line":170,"column":19},"end":{"line":170,"column":5816}},"27":{"start":{"line":179,"column":16},"end":{"line":179,"column":6404}},"28":{"start":{"line":189,"column":8},"end":{"line":189,"column":28}},"29":{"start":{"line":204,"column":8},"end":{"line":204,"column":7122}},"30":{"start":{"line":205,"column":12},"end":{"line":205,"column":7182}},"31":{"start":{"line":210,"column":12},"end":{"line":210,"column":69}},"32":{"start":{"line":213,"column":8},"end":{"line":213,"column":47}},"33":{"start":{"line":214,"column":8},"end":{"line":214,"column":45}},"34":{"start":{"line":215,"column":8},"end":{"line":215,"column":58}},"35":{"start":{"line":216,"column":8},"end":{"line":216,"column":51}},"36":{"start":{"line":218,"column":8},"end":{"line":218,"column":7614}},"37":{"start":{"line":219,"column":12},"end":{"line":219,"column":75}},"38":{"start":{"line":226,"column":8},"end":{"line":226,"column":70}},"39":{"start":{"line":230,"column":8},"end":{"line":230,"column":23}},"40":{"start":{"line":231,"column":8},"end":{"line":231,"column":8097}},"41":{"start":{"line":236,"column":12},"end":{"line":236,"column":8316}},"42":{"start":{"line":250,"column":8},"end":{"line":250,"column":8684}},"43":{"start":{"line":259,"column":8},"end":{"line":259,"column":8945}},"44":{"start":{"line":269,"column":8},"end":{"line":269,"column":28}},"45":{"start":{"line":277,"column":8},"end":{"line":277,"column":9400}},"46":{"start":{"line":278,"column":12},"end":{"line":278,"column":77}},"47":{"start":{"line":280,"column":12},"end":{"line":280,"column":9557}},"48":{"start":{"line":286,"column":8},"end":{"line":286,"column":47}},"49":{"start":{"line":287,"column":8},"end":{"line":287,"column":45}},"50":{"start":{"line":288,"column":8},"end":{"line":288,"column":58}},"51":{"start":{"line":294,"column":8},"end":{"line":294,"column":10028}},"52":{"start":{"line":302,"column":8},"end":{"line":302,"column":28}},"53":{"start":{"line":318,"column":8},"end":{"line":318,"column":57}},"54":{"start":{"line":320,"column":8},"end":{"line":320,"column":66}},"55":{"start":{"line":328,"column":8},"end":{"line":328,"column":57}},"56":{"start":{"line":330,"column":8},"end":{"line":330,"column":50}},"57":{"start":{"line":340,"column":8},"end":{"line":340,"column":57}},"58":{"start":{"line":341,"column":8},"end":{"line":341,"column":50}},"59":{"start":{"line":342,"column":8},"end":{"line":342,"column":11669}},"60":{"start":{"line":347,"column":12},"end":{"line":347,"column":11826}},"61":{"start":{"line":348,"column":16},"end":{"line":348,"column":57}},"62":{"start":{"line":349,"column":16},"end":{"line":349,"column":54}},"63":{"start":{"line":350,"column":16},"end":{"line":350,"column":54}},"64":{"start":{"line":352,"column":16},"end":{"line":352,"column":12061}},"65":{"start":{"line":356,"column":20},"end":{"line":356,"column":12252}},"66":{"start":{"line":364,"column":20},"end":{"line":364,"column":40}},"67":{"start":{"line":382,"column":8},"end":{"line":382,"column":57}},"68":{"start":{"line":383,"column":8},"end":{"line":383,"column":71}},"69":{"start":{"line":384,"column":8},"end":{"line":384,"column":25}},"70":{"start":{"line":401,"column":8},"end":{"line":401,"column":57}},"71":{"start":{"line":402,"column":8},"end":{"line":402,"column":13658}},"72":{"start":{"line":408,"column":8},"end":{"line":408,"column":78}},"73":{"start":{"line":415,"column":8},"end":{"line":415,"column":57}},"74":{"start":{"line":416,"column":8},"end":{"line":416,"column":15}},"75":{"start":{"line":423,"column":8},"end":{"line":423,"column":57}},"76":{"start":{"line":424,"column":8},"end":{"line":424,"column":17}},"77":{"start":{"line":438,"column":8},"end":{"line":438,"column":35}}},"branchMap":{"1":{"line":68,"type":"cond-expr","locations":[{"start":{"line":68,"column":12},"end":{"line":68,"column":51}},{"start":{"line":69,"column":12},"end":{"line":69,"column":60}}]},"2":{"line":68,"type":"cond-expr","locations":[{"start":{"line":68,"column":12},"end":{"line":69,"column":60}},{"start":{"line":70,"column":12},"end":{"line":70,"column":58}}]},"3":{"line":110,"type":"if","locations":[{"start":{"line":110,"column":23},"end":{"line":110,"column":23}},{"start":{"line":110,"column":23},"end":{"line":110,"column":23}}]},"4":{"line":111,"type":"if","locations":[{"start":{"line":111,"column":8},"end":{"line":111,"column":8}},{"start":{"line":111,"column":8},"end":{"line":111,"column":8}}]},"5":{"line":112,"type":"if","locations":[{"start":{"line":112,"column":12},"end":{"line":112,"column":12}},{"start":{"line":112,"column":12},"end":{"line":112,"column":12}}]},"6":{"line":114,"type":"if","locations":[{"start":{"line":114,"column":12},"end":{"line":114,"column":12}},{"start":{"line":114,"column":12},"end":{"line":114,"column":12}}]},"7":{"line":117,"type":"if","locations":[{"start":{"line":117,"column":8},"end":{"line":117,"column":8}},{"start":{"line":117,"column":8},"end":{"line":117,"column":8}}]},"8":{"line":118,"type":"if","locations":[{"start":{"line":118,"column":8},"end":{"line":118,"column":8}},{"start":{"line":118,"column":8},"end":{"line":118,"column":8}}]},"9":{"line":119,"type":"cond-expr","locations":[{"start":{"line":119,"column":12},"end":{"line":119,"column":26}},{"start":{"line":119,"column":31},"end":{"line":119,"column":58}}]},"10":{"line":123,"type":"if","locations":[{"start":{"line":123,"column":8},"end":{"line":123,"column":8}},{"start":{"line":123,"column":8},"end":{"line":123,"column":8}}]},"11":{"line":124,"type":"if","locations":[{"start":{"line":124,"column":8},"end":{"line":124,"column":8}},{"start":{"line":124,"column":8},"end":{"line":124,"column":8}}]},"12":{"line":125,"type":"if","locations":[{"start":{"line":125,"column":8},"end":{"line":125,"column":8}},{"start":{"line":125,"column":8},"end":{"line":125,"column":8}}]},"13":{"line":130,"type":"if","locations":[{"start":{"line":130,"column":8},"end":{"line":130,"column":8}},{"start":{"line":130,"column":8},"end":{"line":130,"column":8}}]},"14":{"line":132,"type":"if","locations":[{"start":{"line":132,"column":12},"end":{"line":132,"column":12}},{"start":{"line":132,"column":12},"end":{"line":132,"column":12}}]},"15":{"line":133,"type":"if","locations":[{"start":{"line":133,"column":16},"end":{"line":133,"column":16}},{"start":{"line":133,"column":16},"end":{"line":133,"column":16}}]},"16":{"line":135,"type":"if","locations":[{"start":{"line":135,"column":16},"end":{"line":135,"column":16}},{"start":{"line":135,"column":16},"end":{"line":135,"column":16}}]},"17":{"line":140,"type":"if","locations":[{"start":{"line":140,"column":12},"end":{"line":140,"column":12}},{"start":{"line":140,"column":12},"end":{"line":140,"column":12}}]},"18":{"line":149,"type":"if","locations":[{"start":{"line":149,"column":8},"end":{"line":149,"column":8}},{"start":{"line":149,"column":8},"end":{"line":149,"column":8}}]},"19":{"line":160,"type":"if","locations":[{"start":{"line":160,"column":12},"end":{"line":160,"column":12}},{"start":{"line":160,"column":12},"end":{"line":160,"column":12}}]},"20":{"line":170,"type":"if","locations":[{"start":{"line":170,"column":19},"end":{"line":170,"column":19}},{"start":{"line":170,"column":19},"end":{"line":170,"column":19}}]},"21":{"line":203,"type":"if","locations":[{"start":{"line":203,"column":15},"end":{"line":203,"column":15}},{"start":{"line":203,"column":15},"end":{"line":203,"column":15}}]},"22":{"line":204,"type":"if","locations":[{"start":{"line":204,"column":8},"end":{"line":204,"column":8}},{"start":{"line":204,"column":8},"end":{"line":204,"column":8}}]},"23":{"line":205,"type":"if","locations":[{"start":{"line":205,"column":12},"end":{"line":205,"column":12}},{"start":{"line":205,"column":12},"end":{"line":205,"column":12}}]},"24":{"line":210,"type":"if","locations":[{"start":{"line":210,"column":12},"end":{"line":210,"column":12}},{"start":{"line":210,"column":12},"end":{"line":210,"column":12}}]},"25":{"line":215,"type":"if","locations":[{"start":{"line":215,"column":8},"end":{"line":215,"column":8}},{"start":{"line":215,"column":8},"end":{"line":215,"column":8}}]},"26":{"line":216,"type":"if","locations":[{"start":{"line":216,"column":8},"end":{"line":216,"column":8}},{"start":{"line":216,"column":8},"end":{"line":216,"column":8}}]},"27":{"line":218,"type":"if","locations":[{"start":{"line":218,"column":8},"end":{"line":218,"column":8}},{"start":{"line":218,"column":8},"end":{"line":218,"column":8}}]},"28":{"line":219,"type":"if","locations":[{"start":{"line":219,"column":12},"end":{"line":219,"column":12}},{"start":{"line":219,"column":12},"end":{"line":219,"column":12}}]},"29":{"line":231,"type":"if","locations":[{"start":{"line":231,"column":8},"end":{"line":231,"column":8}},{"start":{"line":231,"column":8},"end":{"line":231,"column":8}}]},"30":{"line":276,"type":"if","locations":[{"start":{"line":276,"column":65},"end":{"line":276,"column":65}},{"start":{"line":276,"column":65},"end":{"line":276,"column":65}}]},"31":{"line":277,"type":"if","locations":[{"start":{"line":277,"column":8},"end":{"line":277,"column":8}},{"start":{"line":277,"column":8},"end":{"line":277,"column":8}}]},"32":{"line":278,"type":"if","locations":[{"start":{"line":278,"column":12},"end":{"line":278,"column":12}},{"start":{"line":278,"column":12},"end":{"line":278,"column":12}}]},"33":{"line":280,"type":"if","locations":[{"start":{"line":280,"column":12},"end":{"line":280,"column":12}},{"start":{"line":280,"column":12},"end":{"line":280,"column":12}}]},"34":{"line":281,"type":"cond-expr","locations":[{"start":{"line":281,"column":16},"end":{"line":281,"column":34}},{"start":{"line":281,"column":39},"end":{"line":281,"column":67}}]},"35":{"line":288,"type":"if","locations":[{"start":{"line":288,"column":8},"end":{"line":288,"column":8}},{"start":{"line":288,"column":8},"end":{"line":288,"column":8}}]},"36":{"line":318,"type":"if","locations":[{"start":{"line":318,"column":8},"end":{"line":318,"column":8}},{"start":{"line":318,"column":8},"end":{"line":318,"column":8}}]},"37":{"line":328,"type":"if","locations":[{"start":{"line":328,"column":8},"end":{"line":328,"column":8}},{"start":{"line":328,"column":8},"end":{"line":328,"column":8}}]},"38":{"line":339,"type":"if","locations":[{"start":{"line":339,"column":60},"end":{"line":339,"column":60}},{"start":{"line":339,"column":60},"end":{"line":339,"column":60}}]},"39":{"line":340,"type":"if","locations":[{"start":{"line":340,"column":8},"end":{"line":340,"column":8}},{"start":{"line":340,"column":8},"end":{"line":340,"column":8}}]},"40":{"line":347,"type":"if","locations":[{"start":{"line":347,"column":12},"end":{"line":347,"column":12}},{"start":{"line":347,"column":12},"end":{"line":347,"column":12}}]},"41":{"line":352,"type":"if","locations":[{"start":{"line":352,"column":16},"end":{"line":352,"column":16}},{"start":{"line":352,"column":16},"end":{"line":352,"column":16}}]},"42":{"line":382,"type":"if","locations":[{"start":{"line":382,"column":8},"end":{"line":382,"column":8}},{"start":{"line":382,"column":8},"end":{"line":382,"column":8}}]},"43":{"line":383,"type":"if","locations":[{"start":{"line":383,"column":8},"end":{"line":383,"column":8}},{"start":{"line":383,"column":8},"end":{"line":383,"column":8}}]},"44":{"line":401,"type":"if","locations":[{"start":{"line":401,"column":8},"end":{"line":401,"column":8}},{"start":{"line":401,"column":8},"end":{"line":401,"column":8}}]},"45":{"line":402,"type":"if","locations":[{"start":{"line":402,"column":8},"end":{"line":402,"column":8}},{"start":{"line":402,"column":8},"end":{"line":402,"column":8}}]},"46":{"line":415,"type":"if","locations":[{"start":{"line":415,"column":8},"end":{"line":415,"column":8}},{"start":{"line":415,"column":8},"end":{"line":415,"column":8}}]},"47":{"line":423,"type":"if","locations":[{"start":{"line":423,"column":8},"end":{"line":423,"column":8}},{"start":{"line":423,"column":8},"end":{"line":423,"column":8}}]}}},
"contracts/OffersInterface.sol":{"l":{},"path":"/Users/rwalters/Documents/GitHub.nosync/contracts/contracts/OffersInterface.sol","s":{},"b":{},"f":{},"fnMap":{},"statementMap":{},"branchMap":{}},
"contracts/Tokens.sol":{"l":{"132":11,"134":11,"136":11,"137":11,"138":11,"139":11,"140":11,"141":11,"143":11,"145":11,"154":6,"168":877,"192":514,"196":511,"197":511,"198":269,"199":268,"200":267,"204":509,"206":505,"207":264,"226":21,"231":18,"232":68,"233":68,"234":59,"235":58,"236":57,"242":16,"244":10,"245":33,"246":33,"247":26,"257":1221,"265":296,"273":28,"283":7,"293":962,"301":2726,"302":119,"304":2607,"307":2607,"308":2607,"309":5083,"310":2734,"311":2734,"312":258,"315":2349,"318":2349,"327":151,"328":149,"329":148,"332":147,"334":147,"339":146,"341":146,"342":146,"343":146,"344":146,"345":146,"346":64,"347":64,"348":64,"350":64,"351":2,"355":146,"375":419,"377":418,"380":418,"381":418,"382":418,"383":418,"385":418,"386":418,"387":418,"389":418,"391":418,"393":418,"394":418,"416":3,"417":2,"419":2,"434":417,"435":415,"438":415,"440":415,"467":20,"473":2,"496":97,"512":28,"513":27,"516":26,"519":26,"520":26,"525":26,"528":26,"529":12,"532":26,"534":26,"535":31,"536":31,"538":31,"543":31,"545":31,"549":26,"551":24,"567":27,"568":26,"571":25,"574":25,"575":25,"580":25,"583":25,"586":23,"587":11,"591":23,"592":18,"594":18,"595":15,"600":15,"604":20,"610":20,"611":20,"612":20,"613":20,"615":20,"616":11,"623":9,"642":97,"643":95,"644":94,"645":93,"646":44,"647":44,"653":49,"654":49,"659":19,"680":28,"681":27,"682":8,"683":7,"691":26,"692":7,"693":7,"701":121,"702":102,"703":102,"711":22,"712":3,"713":3,"721":21,"722":2,"723":2,"732":21,"733":2,"734":1,"747":21,"748":2,"749":1,"758":161,"759":160,"760":160,"765":123,"767":122,"769":122,"778":48,"779":47,"780":47,"784":9,"786":8,"788":8,"797":23,"798":22,"799":3,"801":2,"803":2,"812":25,"813":24,"814":5,"816":4,"819":4,"828":47,"829":46,"830":46,"834":8,"836":7,"837":2,"840":7,"862":26,"864":9,"868":8,"871":8,"873":9,"891":57,"892":56,"893":55,"894":55,"898":18,"900":17,"901":17,"903":17,"923":24,"924":23,"925":22,"926":2,"931":1,"933":1,"934":1,"935":1,"936":1,"938":1,"940":1,"947":1,"955":1,"972":1,"979":26,"988":254,"1003":128,"1004":128,"1005":119,"1015":113,"1032":87,"1033":87,"1034":86,"1058":72,"1059":72,"1060":62,"1061":50,"1083":191,"1084":190,"1085":188,"1086":188,"1091":169,"1092":169,"1094":169,"1096":169,"1111":64,"1112":64,"1113":63,"1114":63,"1115":63,"1117":63,"1138":149,"1139":148,"1140":147,"1141":147,"1157":72,"1158":72,"1159":71,"1163":61,"1164":61,"1180":1,"1194":1341,"1198":1340,"1212":11,"1217":10,"1219":10,"1220":60,"1223":10,"1230":86,"1240":513,"1250":3,"1254":2,"1255":9,"1266":2,"1270":1,"1271":1,"1272":8,"1274":1,"1296":510,"1298":509,"1300":509,"1301":509,"1305":508,"1306":508,"1308":508,"1310":508,"1314":508,"1334":17,"1338":16,"1340":15,"1342":15,"1343":56,"1344":56,"1346":56,"1347":56,"1351":55,"1352":55,"1354":55,"1357":14,"1361":14,"1391":11,"1411":565,"1413":564,"1415":564,"1416":564,"1420":564,"1440":95,"1441":94,"1442":94,"1454":1072,"1455":255,"1466":253,"1467":1,"1470":1,"1472":1,"1486":14,"1487":11,"1498":8,"1501":1,"1504":2,"1506":1,"1515":1,"1522":2},"path":"/Users/rwalters/Documents/GitHub.nosync/contracts/contracts/Tokens.sol","s":{"1":11,"2":11,"3":6,"4":877,"5":514,"6":511,"7":511,"8":269,"9":268,"10":509,"11":505,"12":264,"13":21,"14":18,"15":68,"16":68,"17":59,"18":58,"19":16,"20":10,"21":33,"22":33,"23":26,"24":1221,"25":296,"26":28,"27":7,"28":962,"29":2726,"30":119,"31":2607,"32":2607,"33":2607,"34":5083,"35":2734,"36":258,"37":2349,"38":151,"39":149,"40":148,"41":147,"42":147,"43":146,"44":146,"45":64,"46":146,"47":419,"48":418,"49":418,"50":418,"51":418,"52":418,"53":3,"54":2,"55":2,"56":417,"57":415,"58":415,"59":415,"60":20,"61":2,"62":97,"63":28,"64":27,"65":26,"66":26,"67":26,"68":26,"69":26,"70":26,"71":24,"72":27,"73":26,"74":25,"75":25,"76":25,"77":25,"78":25,"79":23,"80":23,"81":18,"82":20,"83":20,"84":11,"85":9,"86":97,"87":95,"88":94,"89":93,"90":44,"91":44,"92":49,"93":49,"94":19,"95":28,"96":27,"97":8,"98":7,"99":26,"100":7,"101":121,"102":102,"103":22,"104":3,"105":21,"106":2,"107":21,"108":2,"109":1,"110":21,"111":2,"112":1,"113":161,"114":160,"115":160,"116":123,"117":122,"118":48,"119":47,"120":47,"121":9,"122":8,"123":23,"124":22,"125":3,"126":2,"127":25,"128":24,"129":5,"130":4,"131":4,"132":47,"133":46,"134":46,"135":8,"136":7,"137":7,"138":26,"139":9,"140":8,"141":9,"142":57,"143":56,"144":55,"145":55,"146":18,"147":17,"148":17,"149":24,"150":23,"151":22,"152":2,"153":1,"154":1,"155":1,"156":1,"157":1,"158":1,"159":26,"160":254,"161":128,"162":128,"163":119,"164":113,"165":87,"166":87,"167":86,"168":72,"169":72,"170":62,"171":50,"172":191,"173":190,"174":188,"175":188,"176":169,"177":64,"178":64,"179":63,"180":149,"181":148,"182":147,"183":72,"184":72,"185":71,"186":61,"187":1,"188":1341,"189":1340,"190":11,"191":10,"192":10,"193":10,"194":86,"195":513,"196":3,"197":2,"198":9,"199":2,"200":1,"201":1,"202":1,"203":510,"204":509,"205":509,"206":509,"207":508,"208":508,"209":17,"210":16,"211":15,"212":15,"213":56,"214":56,"215":56,"216":56,"217":14,"218":14,"219":565,"220":564,"221":564,"222":564,"223":95,"224":94,"225":1072,"226":255,"227":253,"228":1,"229":1,"230":1,"231":14,"232":11,"233":8,"234":1,"235":2,"236":1,"237":2},"b":{"1":[1,1],"2":[1,1],"3":[1,1],"4":[1,1],"5":[1,1],"6":[511,3],"7":[246,265],"8":[269,242],"9":[268,1],"10":[267,1],"11":[264,241],"12":[18,3],"13":[17,1],"14":[59,9],"15":[58,1],"16":[57,1],"17":[26,7],"18":[119,2607],"19":[2734,2349],"20":[258,2476],"21":[149,2],"22":[148,1],"23":[147,1],"24":[146,1],"25":[64,82],"26":[2,62],"27":[418,1],"28":[2,1],"29":[415,2],"30":[2,18],"31":[1,1],"32":[27,1],"33":[26,1],"34":[12,14],"35":[24,2],"36":[26,1],"37":[25,1],"38":[23,2],"39":[11,12],"40":[15,3],"41":[11,9],"42":[95,2],"43":[94,1],"44":[93,1],"45":[44,49],"46":[7,37],"47":[6,1],"48":[12,37],"49":[11,1],"50":[27,1],"51":[8,19],"52":[7,1],"53":[7,19],"54":[102,19],"55":[3,19],"56":[2,19],"57":[2,19],"58":[1,1],"59":[2,19],"60":[1,1],"61":[160,1],"62":[123,37],"63":[122,1],"64":[122,1],"65":[47,1],"66":[9,38],"67":[8,1],"68":[8,1],"69":[22,1],"70":[3,19],"71":[2,1],"72":[24,1],"73":[5,19],"74":[4,1],"75":[3,1],"76":[46,1],"77":[8,38],"78":[6,2],"79":[7,1],"80":[2,5],"81":[9,17],"82":[8,1],"83":[56,1],"84":[55,1],"85":[18,37],"86":[17,1],"87":[17,1],"88":[23,1],"89":[22,1],"90":[2,20],"91":[1,1],"92":[190,1],"93":[188,2],"94":[169,19],"95":[63,1],"96":[148,1],"97":[147,1],"98":[71,1],"99":[61,10],"100":[1340,1],"101":[10,1],"102":[2,1],"103":[1,1],"104":[509,1],"105":[508,1],"106":[16,1],"107":[15,1],"108":[55,1],"109":[564,1],"110":[94,1],"111":[255,817],"112":[1,252],"113":[11,3],"114":[1,7]},"f":{"1":11,"2":6,"3":877,"4":514,"5":21,"6":1221,"7":296,"8":28,"9":7,"10":962,"11":2726,"12":151,"13":419,"14":3,"15":417,"16":20,"17":97,"18":28,"19":27,"20":97,"21":28,"22":26,"23":121,"24":22,"25":21,"26":21,"27":21,"28":161,"29":48,"30":23,"31":25,"32":47,"33":26,"34":57,"35":24,"36":1,"37":1,"38":1,"39":26,"40":254,"41":128,"42":113,"43":87,"44":72,"45":191,"46":64,"47":149,"48":72,"49":1,"50":1341,"51":11,"52":86,"53":513,"54":3,"55":2,"56":510,"57":17,"58":11,"59":565,"60":95,"61":1072,"62":14,"63":2},"fnMap":{"1":{"name":"constructor","line":116,"loc":{"start":{"line":116,"column":4},"end":{"line":146,"column":4}}},"2":{"name":"supportsInterface","line":151,"loc":{"start":{"line":151,"column":4},"end":{"line":161,"column":4}}},"3":{"name":"emitNFTUpdated","line":167,"loc":{"start":{"line":167,"column":4},"end":{"line":175,"column":4}}},"4":{"name":"safeTransferFrom","line":185,"loc":{"start":{"line":185,"column":4},"end":{"line":209,"column":4}}},"5":{"name":"safeBatchTransferFrom","line":219,"loc":{"start":{"line":219,"column":4},"end":{"line":250,"column":4}}},"6":{"name":"isMinted","line":256,"loc":{"start":{"line":256,"column":4},"end":{"line":258,"column":4}}},"7":{"name":"isBlocklisted","line":264,"loc":{"start":{"line":264,"column":4},"end":{"line":266,"column":4}}},"8":{"name":"isFullBenefit","line":272,"loc":{"start":{"line":272,"column":4},"end":{"line":275,"column":4}}},"9":{"name":"willUnsetFullBenefit","line":282,"loc":{"start":{"line":282,"column":4},"end":{"line":286,"column":4}}},"10":{"name":"isBridged","line":292,"loc":{"start":{"line":292,"column":4},"end":{"line":294,"column":4}}},"11":{"name":"isCorrect","line":300,"loc":{"start":{"line":300,"column":4},"end":{"line":319,"column":4}}},"12":{"name":"mineSCI","line":326,"loc":{"start":{"line":326,"column":4},"end":{"line":356,"column":4}}},"13":{"name":"createNFT","line":367,"loc":{"start":{"line":367,"column":4},"end":{"line":399,"column":4}}},"14":{"name":"mintNFT","line":409,"loc":{"start":{"line":409,"column":4},"end":{"line":427,"column":4}}},"15":{"name":"mintNFT","line":433,"loc":{"start":{"line":433,"column":4},"end":{"line":448,"column":4}}},"16":{"name":"superadminMintNFT","line":459,"loc":{"start":{"line":459,"column":4},"end":{"line":481,"column":4}}},"17":{"name":"getContentNodeKey","line":491,"loc":{"start":{"line":491,"column":4},"end":{"line":497,"column":4}}},"18":{"name":"getAdjacentContent","line":507,"loc":{"start":{"line":507,"column":4},"end":{"line":552,"column":4}}},"19":{"name":"appendNewContent","line":561,"loc":{"start":{"line":561,"column":4},"end":{"line":629,"column":4}}},"20":{"name":"appendContent","line":637,"loc":{"start":{"line":637,"column":4},"end":{"line":665,"column":4}}},"21":{"name":"superadminAppendContent","line":674,"loc":{"start":{"line":674,"column":4},"end":{"line":684,"column":4}}},"22":{"name":"setMintingFee","line":690,"loc":{"start":{"line":690,"column":4},"end":{"line":694,"column":4}}},"23":{"name":"setMiningFee","line":700,"loc":{"start":{"line":700,"column":4},"end":{"line":704,"column":4}}},"24":{"name":"setDifficulty","line":710,"loc":{"start":{"line":710,"column":4},"end":{"line":714,"column":4}}},"25":{"name":"setMiningInterval","line":720,"loc":{"start":{"line":720,"column":4},"end":{"line":724,"column":4}}},"26":{"name":"withdraw","line":731,"loc":{"start":{"line":731,"column":4},"end":{"line":735,"column":4}}},"27":{"name":"withdrawSCI","line":746,"loc":{"start":{"line":746,"column":4},"end":{"line":750,"column":4}}},"28":{"name":"setAdmin","line":757,"loc":{"start":{"line":757,"column":4},"end":{"line":770,"column":4}}},"29":{"name":"setBeneficiary","line":777,"loc":{"start":{"line":777,"column":4},"end":{"line":789,"column":4}}},"30":{"name":"setAttributes","line":796,"loc":{"start":{"line":796,"column":4},"end":{"line":804,"column":4}}},"31":{"name":"blocklist","line":811,"loc":{"start":{"line":811,"column":4},"end":{"line":820,"column":4}}},"32":{"name":"setFullBenefitFlag","line":827,"loc":{"start":{"line":827,"column":4},"end":{"line":841,"column":4}}},"33":{"name":"reportMarketplaceSale","line":853,"loc":{"start":{"line":853,"column":4},"end":{"line":882,"column":4}}},"34":{"name":"withdrawFromContract","line":890,"loc":{"start":{"line":890,"column":4},"end":{"line":904,"column":4}}},"35":{"name":"restoreToContract","line":916,"loc":{"start":{"line":916,"column":4},"end":{"line":941,"column":4}}},"36":{"name":"name","line":946,"loc":{"start":{"line":946,"column":4},"end":{"line":948,"column":4}}},"37":{"name":"symbol","line":954,"loc":{"start":{"line":954,"column":4},"end":{"line":956,"column":4}}},"38":{"name":"decimals","line":971,"loc":{"start":{"line":971,"column":4},"end":{"line":973,"column":4}}},"39":{"name":"totalSupply","line":978,"loc":{"start":{"line":978,"column":4},"end":{"line":980,"column":4}}},"40":{"name":"balanceOf","line":985,"loc":{"start":{"line":985,"column":4},"end":{"line":989,"column":4}}},"41":{"name":"transfer","line":999,"loc":{"start":{"line":999,"column":4},"end":{"line":1006,"column":4}}},"42":{"name":"allowance","line":1011,"loc":{"start":{"line":1011,"column":4},"end":{"line":1016,"column":4}}},"43":{"name":"approve","line":1028,"loc":{"start":{"line":1028,"column":4},"end":{"line":1035,"column":4}}},"44":{"name":"transferFrom","line":1053,"loc":{"start":{"line":1053,"column":4},"end":{"line":1062,"column":4}}},"45":{"name":"_transfer","line":1078,"loc":{"start":{"line":1078,"column":4},"end":{"line":1097,"column":4}}},"46":{"name":"burn","line":1110,"loc":{"start":{"line":1110,"column":4},"end":{"line":1118,"column":4}}},"47":{"name":"_approve","line":1133,"loc":{"start":{"line":1133,"column":4},"end":{"line":1142,"column":4}}},"48":{"name":"_spendAllowance","line":1152,"loc":{"start":{"line":1152,"column":4},"end":{"line":1167,"column":4}}},"49":{"name":"uri","line":1179,"loc":{"start":{"line":1179,"column":4},"end":{"line":1181,"column":4}}},"50":{"name":"balanceOf","line":1190,"loc":{"start":{"line":1190,"column":4},"end":{"line":1199,"column":4}}},"51":{"name":"balanceOfBatch","line":1208,"loc":{"start":{"line":1208,"column":4},"end":{"line":1224,"column":4}}},"52":{"name":"setApprovalForAll","line":1229,"loc":{"start":{"line":1229,"column":4},"end":{"line":1231,"column":4}}},"53":{"name":"isApprovedForAll","line":1236,"loc":{"start":{"line":1236,"column":4},"end":{"line":1241,"column":4}}},"54":{"name":"setApprovalForAllBatch","line":1246,"loc":{"start":{"line":1246,"column":4},"end":{"line":1257,"column":4}}},"55":{"name":"isApprovedForAllBatch","line":1262,"loc":{"start":{"line":1262,"column":4},"end":{"line":1275,"column":4}}},"56":{"name":"_safeTransferFrom","line":1289,"loc":{"start":{"line":1289,"column":4},"end":{"line":1315,"column":4}}},"57":{"name":"_safeBatchTransferFrom","line":1327,"loc":{"start":{"line":1327,"column":4},"end":{"line":1369,"column":4}}},"58":{"name":"_setURI","line":1390,"loc":{"start":{"line":1390,"column":4},"end":{"line":1392,"column":4}}},"59":{"name":"_mint","line":1405,"loc":{"start":{"line":1405,"column":4},"end":{"line":1428,"column":4}}},"60":{"name":"_setApprovalForAll","line":1435,"loc":{"start":{"line":1435,"column":4},"end":{"line":1443,"column":4}}},"61":{"name":"_doSafeTransferAcceptanceCheck","line":1445,"loc":{"start":{"line":1445,"column":4},"end":{"line":1475,"column":4}}},"62":{"name":"_doSafeBatchTransferAcceptanceCheck","line":1477,"loc":{"start":{"line":1477,"column":4},"end":{"line":1509,"column":4}}},"63":{"name":null,"line":1521,"loc":{"start":{"line":1521,"column":4},"end":{"line":1523,"column":4}}}},"statementMap":{"1":{"start":{"line":132,"column":8},"end":{"line":132,"column":62}},"2":{"start":{"line":134,"column":8},"end":{"line":134,"column":20}},"3":{"start":{"line":154,"column":8},"end":{"line":154,"column":6597}},"4":{"start":{"line":168,"column":8},"end":{"line":168,"column":7088}},"5":{"start":{"line":192,"column":8},"end":{"line":192,"column":7693}},"6":{"start":{"line":196,"column":8},"end":{"line":196,"column":35}},"7":{"start":{"line":197,"column":8},"end":{"line":197,"column":7889}},"8":{"start":{"line":198,"column":12},"end":{"line":198,"column":52}},"9":{"start":{"line":199,"column":12},"end":{"line":199,"column":57}},"10":{"start":{"line":204,"column":8},"end":{"line":204,"column":57}},"11":{"start":{"line":206,"column":8},"end":{"line":206,"column":8279}},"12":{"start":{"line":207,"column":12},"end":{"line":207,"column":34}},"13":{"start":{"line":226,"column":8},"end":{"line":226,"column":8816}},"14":{"start":{"line":231,"column":8},"end":{"line":231,"column":8976}},"15":{"start":{"line":232,"column":12},"end":{"line":232,"column":43}},"16":{"start":{"line":233,"column":12},"end":{"line":233,"column":9080}},"17":{"start":{"line":234,"column":16},"end":{"line":234,"column":56}},"18":{"start":{"line":235,"column":16},"end":{"line":235,"column":61}},"19":{"start":{"line":242,"column":8},"end":{"line":242,"column":59}},"20":{"start":{"line":244,"column":8},"end":{"line":244,"column":9495}},"21":{"start":{"line":245,"column":12},"end":{"line":245,"column":43}},"22":{"start":{"line":246,"column":12},"end":{"line":246,"column":9599}},"23":{"start":{"line":247,"column":16},"end":{"line":247,"column":38}},"24":{"start":{"line":257,"column":8},"end":{"line":257,"column":67}},"25":{"start":{"line":265,"column":8},"end":{"line":265,"column":79}},"26":{"start":{"line":273,"column":8},"end":{"line":273,"column":10573}},"27":{"start":{"line":283,"column":8},"end":{"line":283,"column":10927}},"28":{"start":{"line":293,"column":8},"end":{"line":293,"column":77}},"29":{"start":{"line":301,"column":8},"end":{"line":301,"column":11524}},"30":{"start":{"line":302,"column":12},"end":{"line":302,"column":23}},"31":{"start":{"line":304,"column":8},"end":{"line":304,"column":11591}},"32":{"start":{"line":307,"column":8},"end":{"line":307,"column":28}},"33":{"start":{"line":308,"column":8},"end":{"line":308,"column":11730}},"34":{"start":{"line":309,"column":12},"end":{"line":309,"column":11781}},"35":{"start":{"line":311,"column":16},"end":{"line":311,"column":11850}},"36":{"start":{"line":312,"column":20},"end":{"line":312,"column":31}},"37":{"start":{"line":318,"column":8},"end":{"line":318,"column":20}},"38":{"start":{"line":327,"column":8},"end":{"line":327,"column":58}},"39":{"start":{"line":328,"column":8},"end":{"line":328,"column":78}},"40":{"start":{"line":329,"column":8},"end":{"line":329,"column":53}},"41":{"start":{"line":332,"column":8},"end":{"line":332,"column":61}},"42":{"start":{"line":334,"column":8},"end":{"line":334,"column":12613}},"43":{"start":{"line":339,"column":8},"end":{"line":339,"column":35}},"44":{"start":{"line":345,"column":8},"end":{"line":345,"column":12912}},"45":{"start":{"line":350,"column":12},"end":{"line":350,"column":13126}},"46":{"start":{"line":355,"column":8},"end":{"line":355,"column":48}},"47":{"start":{"line":375,"column":8},"end":{"line":375,"column":53}},"48":{"start":{"line":377,"column":8},"end":{"line":377,"column":35}},"49":{"start":{"line":380,"column":8},"end":{"line":380,"column":56}},"50":{"start":{"line":389,"column":8},"end":{"line":389,"column":42}},"51":{"start":{"line":393,"column":8},"end":{"line":393,"column":30}},"52":{"start":{"line":394,"column":8},"end":{"line":394,"column":14532}},"53":{"start":{"line":416,"column":8},"end":{"line":416,"column":60}},"54":{"start":{"line":417,"column":8},"end":{"line":417,"column":50}},"55":{"start":{"line":419,"column":8},"end":{"line":419,"column":15366}},"56":{"start":{"line":434,"column":8},"end":{"line":434,"column":60}},"57":{"start":{"line":435,"column":8},"end":{"line":435,"column":15888}},"58":{"start":{"line":438,"column":8},"end":{"line":438,"column":50}},"59":{"start":{"line":440,"column":8},"end":{"line":440,"column":16045}},"60":{"start":{"line":467,"column":8},"end":{"line":467,"column":16982}},"61":{"start":{"line":473,"column":8},"end":{"line":473,"column":17163}},"62":{"start":{"line":496,"column":8},"end":{"line":496,"column":77}},"63":{"start":{"line":512,"column":8},"end":{"line":512,"column":48}},"64":{"start":{"line":513,"column":8},"end":{"line":513,"column":53}},"65":{"start":{"line":519,"column":8},"end":{"line":519,"column":67}},"66":{"start":{"line":520,"column":8},"end":{"line":520,"column":18946}},"67":{"start":{"line":528,"column":8},"end":{"line":528,"column":19264}},"68":{"start":{"line":532,"column":8},"end":{"line":532,"column":54}},"69":{"start":{"line":534,"column":8},"end":{"line":534,"column":19461}},"70":{"start":{"line":549,"column":8},"end":{"line":549,"column":42}},"71":{"start":{"line":551,"column":8},"end":{"line":551,"column":49}},"72":{"start":{"line":567,"column":8},"end":{"line":567,"column":48}},"73":{"start":{"line":568,"column":8},"end":{"line":568,"column":53}},"74":{"start":{"line":571,"column":8},"end":{"line":571,"column":37}},"75":{"start":{"line":574,"column":8},"end":{"line":574,"column":67}},"76":{"start":{"line":575,"column":8},"end":{"line":575,"column":20969}},"77":{"start":{"line":580,"column":8},"end":{"line":580,"column":67}},"78":{"start":{"line":583,"column":8},"end":{"line":583,"column":70}},"79":{"start":{"line":586,"column":8},"end":{"line":586,"column":21433}},"80":{"start":{"line":591,"column":8},"end":{"line":591,"column":21574}},"81":{"start":{"line":594,"column":12},"end":{"line":594,"column":74}},"82":{"start":{"line":610,"column":8},"end":{"line":610,"column":63}},"83":{"start":{"line":615,"column":8},"end":{"line":615,"column":22702}},"84":{"start":{"line":616,"column":12},"end":{"line":616,"column":22759}},"85":{"start":{"line":623,"column":12},"end":{"line":623,"column":23006}},"86":{"start":{"line":642,"column":8},"end":{"line":642,"column":48}},"87":{"start":{"line":643,"column":8},"end":{"line":643,"column":60}},"88":{"start":{"line":644,"column":8},"end":{"line":644,"column":53}},"89":{"start":{"line":645,"column":8},"end":{"line":645,"column":23796}},"90":{"start":{"line":646,"column":12},"end":{"line":646,"column":44}},"91":{"start":{"line":647,"column":12},"end":{"line":647,"column":23898}},"92":{"start":{"line":653,"column":12},"end":{"line":653,"column":44}},"93":{"start":{"line":654,"column":12},"end":{"line":654,"column":24161}},"94":{"start":{"line":659,"column":8},"end":{"line":659,"column":24316}},"95":{"start":{"line":680,"column":8},"end":{"line":680,"column":48}},"96":{"start":{"line":681,"column":8},"end":{"line":681,"column":71}},"97":{"start":{"line":682,"column":8},"end":{"line":682,"column":53}},"98":{"start":{"line":683,"column":8},"end":{"line":683,"column":69}},"99":{"start":{"line":691,"column":8},"end":{"line":691,"column":57}},"100":{"start":{"line":693,"column":8},"end":{"line":693,"column":54}},"101":{"start":{"line":701,"column":8},"end":{"line":701,"column":57}},"102":{"start":{"line":703,"column":8},"end":{"line":703,"column":52}},"103":{"start":{"line":711,"column":8},"end":{"line":711,"column":57}},"104":{"start":{"line":713,"column":8},"end":{"line":713,"column":54}},"105":{"start":{"line":721,"column":8},"end":{"line":721,"column":57}},"106":{"start":{"line":723,"column":8},"end":{"line":723,"column":69}},"107":{"start":{"line":732,"column":8},"end":{"line":732,"column":57}},"108":{"start":{"line":733,"column":8},"end":{"line":733,"column":71}},"109":{"start":{"line":734,"column":8},"end":{"line":734,"column":25}},"110":{"start":{"line":747,"column":8},"end":{"line":747,"column":57}},"111":{"start":{"line":748,"column":8},"end":{"line":748,"column":74}},"112":{"start":{"line":749,"column":8},"end":{"line":749,"column":31}},"113":{"start":{"line":758,"column":8},"end":{"line":758,"column":48}},"114":{"start":{"line":759,"column":8},"end":{"line":759,"column":47}},"115":{"start":{"line":760,"column":8},"end":{"line":760,"column":28048}},"116":{"start":{"line":765,"column":8},"end":{"line":765,"column":53}},"117":{"start":{"line":769,"column":8},"end":{"line":769,"column":30}},"118":{"start":{"line":778,"column":8},"end":{"line":778,"column":48}},"119":{"start":{"line":779,"column":8},"end":{"line":779,"column":40}},"120":{"start":{"line":780,"column":8},"end":{"line":780,"column":28693}},"121":{"start":{"line":784,"column":8},"end":{"line":784,"column":53}},"122":{"start":{"line":788,"column":8},"end":{"line":788,"column":30}},"123":{"start":{"line":797,"column":8},"end":{"line":797,"column":48}},"124":{"start":{"line":798,"column":8},"end":{"line":798,"column":71}},"125":{"start":{"line":799,"column":8},"end":{"line":799,"column":53}},"126":{"start":{"line":803,"column":8},"end":{"line":803,"column":30}},"127":{"start":{"line":812,"column":8},"end":{"line":812,"column":48}},"128":{"start":{"line":813,"column":8},"end":{"line":813,"column":71}},"129":{"start":{"line":814,"column":8},"end":{"line":814,"column":53}},"130":{"start":{"line":816,"column":8},"end":{"line":816,"column":29983}},"131":{"start":{"line":819,"column":8},"end":{"line":819,"column":30}},"132":{"start":{"line":828,"column":8},"end":{"line":828,"column":48}},"133":{"start":{"line":829,"column":8},"end":{"line":829,"column":40}},"134":{"start":{"line":830,"column":8},"end":{"line":830,"column":30428}},"135":{"start":{"line":834,"column":8},"end":{"line":834,"column":53}},"136":{"start":{"line":836,"column":8},"end":{"line":836,"column":30691}},"137":{"start":{"line":840,"column":8},"end":{"line":840,"column":30}},"138":{"start":{"line":862,"column":8},"end":{"line":862,"column":73}},"139":{"start":{"line":864,"column":8},"end":{"line":864,"column":31605}},"140":{"start":{"line":871,"column":12},"end":{"line":871,"column":34}},"141":{"start":{"line":873,"column":8},"end":{"line":873,"column":31916}},"142":{"start":{"line":891,"column":8},"end":{"line":891,"column":48}},"143":{"start":{"line":892,"column":8},"end":{"line":892,"column":53}},"144":{"start":{"line":893,"column":8},"end":{"line":893,"column":40}},"145":{"start":{"line":894,"column":8},"end":{"line":894,"column":32583}},"146":{"start":{"line":898,"column":8},"end":{"line":898,"column":62}},"147":{"start":{"line":900,"column":8},"end":{"line":900,"column":54}},"148":{"start":{"line":903,"column":8},"end":{"line":903,"column":30}},"149":{"start":{"line":923,"column":8},"end":{"line":923,"column":48}},"150":{"start":{"line":924,"column":8},"end":{"line":924,"column":56}},"151":{"start":{"line":925,"column":8},"end":{"line":925,"column":63}},"152":{"start":{"line":926,"column":8},"end":{"line":926,"column":33722}},"153":{"start":{"line":931,"column":8},"end":{"line":931,"column":61}},"154":{"start":{"line":938,"column":8},"end":{"line":938,"column":58}},"155":{"start":{"line":940,"column":8},"end":{"line":940,"column":30}},"156":{"start":{"line":947,"column":8},"end":{"line":947,"column":20}},"157":{"start":{"line":955,"column":8},"end":{"line":955,"column":22}},"158":{"start":{"line":972,"column":8},"end":{"line":972,"column":17}},"159":{"start":{"line":979,"column":8},"end":{"line":979,"column":27}},"160":{"start":{"line":988,"column":8},"end":{"line":988,"column":47}},"161":{"start":{"line":1003,"column":8},"end":{"line":1003,"column":34}},"162":{"start":{"line":1004,"column":8},"end":{"line":1004,"column":35}},"163":{"start":{"line":1005,"column":8},"end":{"line":1005,"column":19}},"164":{"start":{"line":1015,"column":8},"end":{"line":1015,"column":42}},"165":{"start":{"line":1032,"column":8},"end":{"line":1032,"column":34}},"166":{"start":{"line":1033,"column":8},"end":{"line":1033,"column":39}},"167":{"start":{"line":1034,"column":8},"end":{"line":1034,"column":19}},"168":{"start":{"line":1058,"column":8},"end":{"line":1058,"column":36}},"169":{"start":{"line":1059,"column":8},"end":{"line":1059,"column":45}},"170":{"start":{"line":1060,"column":8},"end":{"line":1060,"column":34}},"171":{"start":{"line":1061,"column":8},"end":{"line":1061,"column":19}},"172":{"start":{"line":1083,"column":8},"end":{"line":1083,"column":75}},"173":{"start":{"line":1084,"column":8},"end":{"line":1084,"column":71}},"174":{"start":{"line":1085,"column":8},"end":{"line":1085,"column":45}},"175":{"start":{"line":1086,"column":8},"end":{"line":1086,"column":38435}},"176":{"start":{"line":1096,"column":8},"end":{"line":1096,"column":39}},"177":{"start":{"line":1111,"column":8},"end":{"line":1111,"column":54}},"178":{"start":{"line":1112,"column":8},"end":{"line":1112,"column":78}},"179":{"start":{"line":1117,"column":8},"end":{"line":1117,"column":53}},"180":{"start":{"line":1138,"column":8},"end":{"line":1138,"column":75}},"181":{"start":{"line":1139,"column":8},"end":{"line":1139,"column":75}},"182":{"start":{"line":1141,"column":8},"end":{"line":1141,"column":45}},"183":{"start":{"line":1157,"column":8},"end":{"line":1157,"column":60}},"184":{"start":{"line":1158,"column":8},"end":{"line":1158,"column":40693}},"185":{"start":{"line":1159,"column":12},"end":{"line":1159,"column":40754}},"186":{"start":{"line":1164,"column":16},"end":{"line":1164,"column":66}},"187":{"start":{"line":1180,"column":8},"end":{"line":1180,"column":19}},"188":{"start":{"line":1194,"column":8},"end":{"line":1194,"column":41741}},"189":{"start":{"line":1198,"column":8},"end":{"line":1198,"column":45}},"190":{"start":{"line":1212,"column":8},"end":{"line":1212,"column":42214}},"191":{"start":{"line":1217,"column":8},"end":{"line":1217,"column":71}},"192":{"start":{"line":1219,"column":8},"end":{"line":1219,"column":42416}},"193":{"start":{"line":1223,"column":8},"end":{"line":1223,"column":28}},"194":{"start":{"line":1230,"column":8},"end":{"line":1230,"column":57}},"195":{"start":{"line":1240,"column":8},"end":{"line":1240,"column":52}},"196":{"start":{"line":1250,"column":8},"end":{"line":1250,"column":43230}},"197":{"start":{"line":1254,"column":8},"end":{"line":1254,"column":43362}},"198":{"start":{"line":1255,"column":12},"end":{"line":1255,"column":69}},"199":{"start":{"line":1266,"column":8},"end":{"line":1266,"column":43728}},"200":{"start":{"line":1270,"column":8},"end":{"line":1270,"column":61}},"201":{"start":{"line":1271,"column":8},"end":{"line":1271,"column":43921}},"202":{"start":{"line":1274,"column":8},"end":{"line":1274,"column":24}},"203":{"start":{"line":1296,"column":8},"end":{"line":1296,"column":73}},"204":{"start":{"line":1298,"column":8},"end":{"line":1298,"column":37}},"205":{"start":{"line":1300,"column":8},"end":{"line":1300,"column":57}},"206":{"start":{"line":1301,"column":8},"end":{"line":1301,"column":44881}},"207":{"start":{"line":1310,"column":8},"end":{"line":1310,"column":59}},"208":{"start":{"line":1314,"column":8},"end":{"line":1314,"column":75}},"209":{"start":{"line":1334,"column":8},"end":{"line":1334,"column":45947}},"210":{"start":{"line":1338,"column":8},"end":{"line":1338,"column":73}},"211":{"start":{"line":1340,"column":8},"end":{"line":1340,"column":37}},"212":{"start":{"line":1342,"column":8},"end":{"line":1342,"column":46189}},"213":{"start":{"line":1343,"column":12},"end":{"line":1343,"column":31}},"214":{"start":{"line":1344,"column":12},"end":{"line":1344,"column":39}},"215":{"start":{"line":1346,"column":12},"end":{"line":1346,"column":61}},"216":{"start":{"line":1347,"column":12},"end":{"line":1347,"column":46386}},"217":{"start":{"line":1357,"column":8},"end":{"line":1357,"column":60}},"218":{"start":{"line":1361,"column":8},"end":{"line":1361,"column":46873}},"219":{"start":{"line":1411,"column":8},"end":{"line":1411,"column":69}},"220":{"start":{"line":1413,"column":8},"end":{"line":1413,"column":37}},"221":{"start":{"line":1416,"column":8},"end":{"line":1416,"column":65}},"222":{"start":{"line":1420,"column":8},"end":{"line":1420,"column":48809}},"223":{"start":{"line":1440,"column":8},"end":{"line":1440,"column":78}},"224":{"start":{"line":1442,"column":8},"end":{"line":1442,"column":54}},"225":{"start":{"line":1454,"column":8},"end":{"line":1454,"column":49703}},"226":{"start":{"line":1455,"column":12},"end":{"line":1455,"column":49745}},"227":{"start":{"line":1466,"column":16},"end":{"line":1466,"column":50157}},"228":{"start":{"line":1467,"column":20},"end":{"line":1467,"column":69}},"229":{"start":{"line":1470,"column":16},"end":{"line":1470,"column":29}},"230":{"start":{"line":1472,"column":16},"end":{"line":1472,"column":77}},"231":{"start":{"line":1486,"column":8},"end":{"line":1486,"column":50812}},"232":{"start":{"line":1487,"column":12},"end":{"line":1487,"column":50854}},"233":{"start":{"line":1498,"column":16},"end":{"line":1498,"column":51273}},"234":{"start":{"line":1501,"column":20},"end":{"line":1501,"column":69}},"235":{"start":{"line":1504,"column":16},"end":{"line":1504,"column":29}},"236":{"start":{"line":1506,"column":16},"end":{"line":1506,"column":77}},"237":{"start":{"line":1522,"column":8},"end":{"line":1522,"column":35}}},"branchMap":{"1":{"line":155,"type":"cond-expr","locations":[{"start":{"line":155,"column":12},"end":{"line":155,"column":51}},{"start":{"line":156,"column":12},"end":{"line":156,"column":58}}]},"2":{"line":155,"type":"cond-expr","locations":[{"start":{"line":155,"column":12},"end":{"line":156,"column":58}},{"start":{"line":157,"column":12},"end":{"line":157,"column":63}}]},"3":{"line":155,"type":"cond-expr","locations":[{"start":{"line":155,"column":12},"end":{"line":157,"column":63}},{"start":{"line":158,"column":12},"end":{"line":158,"column":58}}]},"4":{"line":155,"type":"cond-expr","locations":[{"start":{"line":155,"column":12},"end":{"line":158,"column":58}},{"start":{"line":159,"column":12},"end":{"line":159,"column":52}}]},"5":{"line":155,"type":"cond-expr","locations":[{"start":{"line":155,"column":12},"end":{"line":159,"column":52}},{"start":{"line":160,"column":12},"end":{"line":160,"column":50}}]},"6":{"line":192,"type":"if","locations":[{"start":{"line":192,"column":8},"end":{"line":192,"column":8}},{"start":{"line":192,"column":8},"end":{"line":192,"column":8}}]},"7":{"line":193,"type":"cond-expr","locations":[{"start":{"line":193,"column":12},"end":{"line":193,"column":29}},{"start":{"line":193,"column":34},"end":{"line":193,"column":67}}]},"8":{"line":197,"type":"if","locations":[{"start":{"line":197,"column":8},"end":{"line":197,"column":8}},{"start":{"line":197,"column":8},"end":{"line":197,"column":8}}]},"9":{"line":198,"type":"if","locations":[{"start":{"line":198,"column":12},"end":{"line":198,"column":12}},{"start":{"line":198,"column":12},"end":{"line":198,"column":12}}]},"10":{"line":199,"type":"if","locations":[{"start":{"line":199,"column":12},"end":{"line":199,"column":12}},{"start":{"line":199,"column":12},"end":{"line":199,"column":12}}]},"11":{"line":206,"type":"if","locations":[{"start":{"line":206,"column":8},"end":{"line":206,"column":8}},{"start":{"line":206,"column":8},"end":{"line":206,"column":8}}]},"12":{"line":226,"type":"if","locations":[{"start":{"line":226,"column":8},"end":{"line":226,"column":8}},{"start":{"line":226,"column":8},"end":{"line":226,"column":8}}]},"13":{"line":227,"type":"cond-expr","locations":[{"start":{"line":227,"column":12},"end":{"line":227,"column":29}},{"start":{"line":227,"column":34},"end":{"line":227,"column":67}}]},"14":{"line":233,"type":"if","locations":[{"start":{"line":233,"column":12},"end":{"line":233,"column":12}},{"start":{"line":233,"column":12},"end":{"line":233,"column":12}}]},"15":{"line":234,"type":"if","locations":[{"start":{"line":234,"column":16},"end":{"line":234,"column":16}},{"start":{"line":234,"column":16},"end":{"line":234,"column":16}}]},"16":{"line":235,"type":"if","locations":[{"start":{"line":235,"column":16},"end":{"line":235,"column":16}},{"start":{"line":235,"column":16},"end":{"line":235,"column":16}}]},"17":{"line":246,"type":"if","locations":[{"start":{"line":246,"column":12},"end":{"line":246,"column":12}},{"start":{"line":246,"column":12},"end":{"line":246,"column":12}}]},"18":{"line":301,"type":"if","locations":[{"start":{"line":301,"column":8},"end":{"line":301,"column":8}},{"start":{"line":301,"column":8},"end":{"line":301,"column":8}}]},"19":{"line":309,"type":"if","locations":[{"start":{"line":309,"column":12},"end":{"line":309,"column":12}},{"start":{"line":309,"column":12},"end":{"line":309,"column":12}}]},"20":{"line":311,"type":"if","locations":[{"start":{"line":311,"column":16},"end":{"line":311,"column":16}},{"start":{"line":311,"column":16},"end":{"line":311,"column":16}}]},"21":{"line":327,"type":"if","locations":[{"start":{"line":327,"column":8},"end":{"line":327,"column":8}},{"start":{"line":327,"column":8},"end":{"line":327,"column":8}}]},"22":{"line":328,"type":"if","locations":[{"start":{"line":328,"column":8},"end":{"line":328,"column":8}},{"start":{"line":328,"column":8},"end":{"line":328,"column":8}}]},"23":{"line":329,"type":"if","locations":[{"start":{"line":329,"column":8},"end":{"line":329,"column":8}},{"start":{"line":329,"column":8},"end":{"line":329,"column":8}}]},"24":{"line":334,"type":"if","locations":[{"start":{"line":334,"column":8},"end":{"line":334,"column":8}},{"start":{"line":334,"column":8},"end":{"line":334,"column":8}}]},"25":{"line":345,"type":"if","locations":[{"start":{"line":345,"column":8},"end":{"line":345,"column":8}},{"start":{"line":345,"column":8},"end":{"line":345,"column":8}}]},"26":{"line":350,"type":"if","locations":[{"start":{"line":350,"column":12},"end":{"line":350,"column":12}},{"start":{"line":350,"column":12},"end":{"line":350,"column":12}}]},"27":{"line":375,"type":"if","locations":[{"start":{"line":375,"column":8},"end":{"line":375,"column":8}},{"start":{"line":375,"column":8},"end":{"line":375,"column":8}}]},"28":{"line":416,"type":"if","locations":[{"start":{"line":416,"column":8},"end":{"line":416,"column":8}},{"start":{"line":416,"column":8},"end":{"line":416,"column":8}}]},"29":{"line":434,"type":"if","locations":[{"start":{"line":434,"column":8},"end":{"line":434,"column":8}},{"start":{"line":434,"column":8},"end":{"line":434,"column":8}}]},"30":{"line":467,"type":"if","locations":[{"start":{"line":467,"column":8},"end":{"line":467,"column":8}},{"start":{"line":467,"column":8},"end":{"line":467,"column":8}}]},"31":{"line":468,"type":"cond-expr","locations":[{"start":{"line":468,"column":12},"end":{"line":468,"column":47}},{"start":{"line":469,"column":16},"end":{"line":469,"column":52}}]},"32":{"line":512,"type":"if","locations":[{"start":{"line":512,"column":8},"end":{"line":512,"column":8}},{"start":{"line":512,"column":8},"end":{"line":512,"column":8}}]},"33":{"line":513,"type":"if","locations":[{"start":{"line":513,"column":8},"end":{"line":513,"column":8}},{"start":{"line":513,"column":8},"end":{"line":513,"column":8}}]},"34":{"line":528,"type":"if","locations":[{"start":{"line":528,"column":8},"end":{"line":528,"column":8}},{"start":{"line":528,"column":8},"end":{"line":528,"column":8}}]},"35":{"line":549,"type":"if","locations":[{"start":{"line":549,"column":8},"end":{"line":549,"column":8}},{"start":{"line":549,"column":8},"end":{"line":549,"column":8}}]},"36":{"line":567,"type":"if","locations":[{"start":{"line":567,"column":8},"end":{"line":567,"column":8}},{"start":{"line":567,"column":8},"end":{"line":567,"column":8}}]},"37":{"line":568,"type":"if","locations":[{"start":{"line":568,"column":8},"end":{"line":568,"column":8}},{"start":{"line":568,"column":8},"end":{"line":568,"column":8}}]},"38":{"line":583,"type":"if","locations":[{"start":{"line":583,"column":8},"end":{"line":583,"column":8}},{"start":{"line":583,"column":8},"end":{"line":583,"column":8}}]},"39":{"line":586,"type":"if","locations":[{"start":{"line":586,"column":8},"end":{"line":586,"column":8}},{"start":{"line":586,"column":8},"end":{"line":586,"column":8}}]},"40":{"line":594,"type":"if","locations":[{"start":{"line":594,"column":12},"end":{"line":594,"column":12}},{"start":{"line":594,"column":12},"end":{"line":594,"column":12}}]},"41":{"line":615,"type":"if","locations":[{"start":{"line":615,"column":8},"end":{"line":615,"column":8}},{"start":{"line":615,"column":8},"end":{"line":615,"column":8}}]},"42":{"line":642,"type":"if","locations":[{"start":{"line":642,"column":8},"end":{"line":642,"column":8}},{"start":{"line":642,"column":8},"end":{"line":642,"column":8}}]},"43":{"line":643,"type":"if","locations":[{"start":{"line":643,"column":8},"end":{"line":643,"column":8}},{"start":{"line":643,"column":8},"end":{"line":643,"column":8}}]},"44":{"line":644,"type":"if","locations":[{"start":{"line":644,"column":8},"end":{"line":644,"column":8}},{"start":{"line":644,"column":8},"end":{"line":644,"column":8}}]},"45":{"line":645,"type":"if","locations":[{"start":{"line":645,"column":8},"end":{"line":645,"column":8}},{"start":{"line":645,"column":8},"end":{"line":645,"column":8}}]},"46":{"line":647,"type":"if","locations":[{"start":{"line":647,"column":12},"end":{"line":647,"column":12}},{"start":{"line":647,"column":12},"end":{"line":647,"column":12}}]},"47":{"line":648,"type":"cond-expr","locations":[{"start":{"line":648,"column":16},"end":{"line":648,"column":34}},{"start":{"line":648,"column":39},"end":{"line":648,"column":73}}]},"48":{"line":654,"type":"if","locations":[{"start":{"line":654,"column":12},"end":{"line":654,"column":12}},{"start":{"line":654,"column":12},"end":{"line":654,"column":12}}]},"49":{"line":655,"type":"cond-expr","locations":[{"start":{"line":655,"column":16},"end":{"line":655,"column":34}},{"start":{"line":655,"column":39},"end":{"line":655,"column":73}}]},"50":{"line":680,"type":"if","locations":[{"start":{"line":680,"column":8},"end":{"line":680,"column":8}},{"start":{"line":680,"column":8},"end":{"line":680,"column":8}}]},"51":{"line":681,"type":"if","locations":[{"start":{"line":681,"column":8},"end":{"line":681,"column":8}},{"start":{"line":681,"column":8},"end":{"line":681,"column":8}}]},"52":{"line":682,"type":"if","locations":[{"start":{"line":682,"column":8},"end":{"line":682,"column":8}},{"start":{"line":682,"column":8},"end":{"line":682,"column":8}}]},"53":{"line":691,"type":"if","locations":[{"start":{"line":691,"column":8},"end":{"line":691,"column":8}},{"start":{"line":691,"column":8},"end":{"line":691,"column":8}}]},"54":{"line":701,"type":"if","locations":[{"start":{"line":701,"column":8},"end":{"line":701,"column":8}},{"start":{"line":701,"column":8},"end":{"line":701,"column":8}}]},"55":{"line":711,"type":"if","locations":[{"start":{"line":711,"column":8},"end":{"line":711,"column":8}},{"start":{"line":711,"column":8},"end":{"line":711,"column":8}}]},"56":{"line":721,"type":"if","locations":[{"start":{"line":721,"column":8},"end":{"line":721,"column":8}},{"start":{"line":721,"column":8},"end":{"line":721,"column":8}}]},"57":{"line":732,"type":"if","locations":[{"start":{"line":732,"column":8},"end":{"line":732,"column":8}},{"start":{"line":732,"column":8},"end":{"line":732,"column":8}}]},"58":{"line":733,"type":"if","locations":[{"start":{"line":733,"column":8},"end":{"line":733,"column":8}},{"start":{"line":733,"column":8},"end":{"line":733,"column":8}}]},"59":{"line":747,"type":"if","locations":[{"start":{"line":747,"column":8},"end":{"line":747,"column":8}},{"start":{"line":747,"column":8},"end":{"line":747,"column":8}}]},"60":{"line":748,"type":"if","locations":[{"start":{"line":748,"column":8},"end":{"line":748,"column":8}},{"start":{"line":748,"column":8},"end":{"line":748,"column":8}}]},"61":{"line":758,"type":"if","locations":[{"start":{"line":758,"column":8},"end":{"line":758,"column":8}},{"start":{"line":758,"column":8},"end":{"line":758,"column":8}}]},"62":{"line":760,"type":"if","locations":[{"start":{"line":760,"column":8},"end":{"line":760,"column":8}},{"start":{"line":760,"column":8},"end":{"line":760,"column":8}}]},"63":{"line":761,"type":"cond-expr","locations":[{"start":{"line":761,"column":12},"end":{"line":761,"column":37}},{"start":{"line":762,"column":16},"end":{"line":762,"column":57}}]},"64":{"line":765,"type":"if","locations":[{"start":{"line":765,"column":8},"end":{"line":765,"column":8}},{"start":{"line":765,"column":8},"end":{"line":765,"column":8}}]},"65":{"line":778,"type":"if","locations":[{"start":{"line":778,"column":8},"end":{"line":778,"column":8}},{"start":{"line":778,"column":8},"end":{"line":778,"column":8}}]},"66":{"line":780,"type":"if","locations":[{"start":{"line":780,"column":8},"end":{"line":780,"column":8}},{"start":{"line":780,"column":8},"end":{"line":780,"column":8}}]},"67":{"line":781,"type":"cond-expr","locations":[{"start":{"line":781,"column":12},"end":{"line":781,"column":30}},{"start":{"line":781,"column":35},"end":{"line":781,"column":69}}]},"68":{"line":784,"type":"if","locations":[{"start":{"line":784,"column":8},"end":{"line":784,"column":8}},{"start":{"line":784,"column":8},"end":{"line":784,"column":8}}]},"69":{"line":797,"type":"if","locations":[{"start":{"line":797,"column":8},"end":{"line":797,"column":8}},{"start":{"line":797,"column":8},"end":{"line":797,"column":8}}]},"70":{"line":798,"type":"if","locations":[{"start":{"line":798,"column":8},"end":{"line":798,"column":8}},{"start":{"line":798,"column":8},"end":{"line":798,"column":8}}]},"71":{"line":799,"type":"if","locations":[{"start":{"line":799,"column":8},"end":{"line":799,"column":8}},{"start":{"line":799,"column":8},"end":{"line":799,"column":8}}]},"72":{"line":812,"type":"if","locations":[{"start":{"line":812,"column":8},"end":{"line":812,"column":8}},{"start":{"line":812,"column":8},"end":{"line":812,"column":8}}]},"73":{"line":813,"type":"if","locations":[{"start":{"line":813,"column":8},"end":{"line":813,"column":8}},{"start":{"line":813,"column":8},"end":{"line":813,"column":8}}]},"74":{"line":814,"type":"if","locations":[{"start":{"line":814,"column":8},"end":{"line":814,"column":8}},{"start":{"line":814,"column":8},"end":{"line":814,"column":8}}]},"75":{"line":816,"type":"if","locations":[{"start":{"line":816,"column":8},"end":{"line":816,"column":8}},{"start":{"line":816,"column":8},"end":{"line":816,"column":8}}]},"76":{"line":828,"type":"if","locations":[{"start":{"line":828,"column":8},"end":{"line":828,"column":8}},{"start":{"line":828,"column":8},"end":{"line":828,"column":8}}]},"77":{"line":830,"type":"if","locations":[{"start":{"line":830,"column":8},"end":{"line":830,"column":8}},{"start":{"line":830,"column":8},"end":{"line":830,"column":8}}]},"78":{"line":831,"type":"cond-expr","locations":[{"start":{"line":831,"column":12},"end":{"line":831,"column":30}},{"start":{"line":831,"column":35},"end":{"line":831,"column":69}}]},"79":{"line":834,"type":"if","locations":[{"start":{"line":834,"column":8},"end":{"line":834,"column":8}},{"start":{"line":834,"column":8},"end":{"line":834,"column":8}}]},"80":{"line":836,"type":"if","locations":[{"start":{"line":836,"column":8},"end":{"line":836,"column":8}},{"start":{"line":836,"column":8},"end":{"line":836,"column":8}}]},"81":{"line":862,"type":"if","locations":[{"start":{"line":862,"column":8},"end":{"line":862,"column":8}},{"start":{"line":862,"column":8},"end":{"line":862,"column":8}}]},"82":{"line":864,"type":"if","locations":[{"start":{"line":864,"column":8},"end":{"line":864,"column":8}},{"start":{"line":864,"column":8},"end":{"line":864,"column":8}}]},"83":{"line":891,"type":"if","locations":[{"start":{"line":891,"column":8},"end":{"line":891,"column":8}},{"start":{"line":891,"column":8},"end":{"line":891,"column":8}}]},"84":{"line":892,"type":"if","locations":[{"start":{"line":892,"column":8},"end":{"line":892,"column":8}},{"start":{"line":892,"column":8},"end":{"line":892,"column":8}}]},"85":{"line":894,"type":"if","locations":[{"start":{"line":894,"column":8},"end":{"line":894,"column":8}},{"start":{"line":894,"column":8},"end":{"line":894,"column":8}}]},"86":{"line":895,"type":"cond-expr","locations":[{"start":{"line":895,"column":12},"end":{"line":895,"column":30}},{"start":{"line":895,"column":35},"end":{"line":895,"column":69}}]},"87":{"line":898,"type":"if","locations":[{"start":{"line":898,"column":8},"end":{"line":898,"column":8}},{"start":{"line":898,"column":8},"end":{"line":898,"column":8}}]},"88":{"line":923,"type":"if","locations":[{"start":{"line":923,"column":8},"end":{"line":923,"column":8}},{"start":{"line":923,"column":8},"end":{"line":923,"column":8}}]},"89":{"line":924,"type":"if","locations":[{"start":{"line":924,"column":8},"end":{"line":924,"column":8}},{"start":{"line":924,"column":8},"end":{"line":924,"column":8}}]},"90":{"line":925,"type":"if","locations":[{"start":{"line":925,"column":8},"end":{"line":925,"column":8}},{"start":{"line":925,"column":8},"end":{"line":925,"column":8}}]},"91":{"line":926,"type":"if","locations":[{"start":{"line":926,"column":8},"end":{"line":926,"column":8}},{"start":{"line":926,"column":8},"end":{"line":926,"column":8}}]},"92":{"line":1083,"type":"if","locations":[{"start":{"line":1083,"column":8},"end":{"line":1083,"column":8}},{"start":{"line":1083,"column":8},"end":{"line":1083,"column":8}}]},"93":{"line":1084,"type":"if","locations":[{"start":{"line":1084,"column":8},"end":{"line":1084,"column":8}},{"start":{"line":1084,"column":8},"end":{"line":1084,"column":8}}]},"94":{"line":1086,"type":"if","locations":[{"start":{"line":1086,"column":8},"end":{"line":1086,"column":8}},{"start":{"line":1086,"column":8},"end":{"line":1086,"column":8}}]},"95":{"line":1112,"type":"if","locations":[{"start":{"line":1112,"column":8},"end":{"line":1112,"column":8}},{"start":{"line":1112,"column":8},"end":{"line":1112,"column":8}}]},"96":{"line":1138,"type":"if","locations":[{"start":{"line":1138,"column":8},"end":{"line":1138,"column":8}},{"start":{"line":1138,"column":8},"end":{"line":1138,"column":8}}]},"97":{"line":1139,"type":"if","locations":[{"start":{"line":1139,"column":8},"end":{"line":1139,"column":8}},{"start":{"line":1139,"column":8},"end":{"line":1139,"column":8}}]},"98":{"line":1158,"type":"if","locations":[{"start":{"line":1158,"column":8},"end":{"line":1158,"column":8}},{"start":{"line":1158,"column":8},"end":{"line":1158,"column":8}}]},"99":{"line":1159,"type":"if","locations":[{"start":{"line":1159,"column":12},"end":{"line":1159,"column":12}},{"start":{"line":1159,"column":12},"end":{"line":1159,"column":12}}]},"100":{"line":1194,"type":"if","locations":[{"start":{"line":1194,"column":8},"end":{"line":1194,"column":8}},{"start":{"line":1194,"column":8},"end":{"line":1194,"column":8}}]},"101":{"line":1212,"type":"if","locations":[{"start":{"line":1212,"column":8},"end":{"line":1212,"column":8}},{"start":{"line":1212,"column":8},"end":{"line":1212,"column":8}}]},"102":{"line":1250,"type":"if","locations":[{"start":{"line":1250,"column":8},"end":{"line":1250,"column":8}},{"start":{"line":1250,"column":8},"end":{"line":1250,"column":8}}]},"103":{"line":1266,"type":"if","locations":[{"start":{"line":1266,"column":8},"end":{"line":1266,"column":8}},{"start":{"line":1266,"column":8},"end":{"line":1266,"column":8}}]},"104":{"line":1296,"type":"if","locations":[{"start":{"line":1296,"column":8},"end":{"line":1296,"column":8}},{"start":{"line":1296,"column":8},"end":{"line":1296,"column":8}}]},"105":{"line":1301,"type":"if","locations":[{"start":{"line":1301,"column":8},"end":{"line":1301,"column":8}},{"start":{"line":1301,"column":8},"end":{"line":1301,"column":8}}]},"106":{"line":1334,"type":"if","locations":[{"start":{"line":1334,"column":8},"end":{"line":1334,"column":8}},{"start":{"line":1334,"column":8},"end":{"line":1334,"column":8}}]},"107":{"line":1338,"type":"if","locations":[{"start":{"line":1338,"column":8},"end":{"line":1338,"column":8}},{"start":{"line":1338,"column":8},"end":{"line":1338,"column":8}}]},"108":{"line":1347,"type":"if","locations":[{"start":{"line":1347,"column":12},"end":{"line":1347,"column":12}},{"start":{"line":1347,"column":12},"end":{"line":1347,"column":12}}]},"109":{"line":1411,"type":"if","locations":[{"start":{"line":1411,"column":8},"end":{"line":1411,"column":8}},{"start":{"line":1411,"column":8},"end":{"line":1411,"column":8}}]},"110":{"line":1440,"type":"if","locations":[{"start":{"line":1440,"column":8},"end":{"line":1440,"column":8}},{"start":{"line":1440,"column":8},"end":{"line":1440,"column":8}}]},"111":{"line":1454,"type":"if","locations":[{"start":{"line":1454,"column":8},"end":{"line":1454,"column":8}},{"start":{"line":1454,"column":8},"end":{"line":1454,"column":8}}]},"112":{"line":1466,"type":"if","locations":[{"start":{"line":1466,"column":16},"end":{"line":1466,"column":16}},{"start":{"line":1466,"column":16},"end":{"line":1466,"column":16}}]},"113":{"line":1486,"type":"if","locations":[{"start":{"line":1486,"column":8},"end":{"line":1486,"column":8}},{"start":{"line":1486,"column":8},"end":{"line":1486,"column":8}}]},"114":{"line":1498,"type":"if","locations":[{"start":{"line":1498,"column":16},"end":{"line":1498,"column":16}},{"start":{"line":1498,"column":16},"end":{"line":1498,"column":16}}]}}},
"contracts/TokensInterface.sol":{"l":{},"path":"/Users/rwalters/Documents/GitHub.nosync/contracts/contracts/TokensInterface.sol","s":{},"b":{},"f":{},"fnMap":{},"statementMap":{},"branchMap":{}}}
