TN:
SF:/Users/rwalters/Documents/GitHub.nosync/contracts/contracts/Listings.sol
FN:48,constructor
FN:58,supportsInterface
FN:77,emitListingUpdated
FN:108,setListing
FN:175,closeListing
FN:246,acceptListing
FN:278,cancelListing
FN:307,denySuperadminControl
FN:318,getListingPrice
FN:358,getListingPrice
FN:375,setRoyaltyNumerator
FN:385,setListingFee
FN:396,cancelAllListings
FN:437,withdraw
FN:453,withdrawTokens
FN:481,pause
FN:489,unpause
FN:504,
FNF:18
FNH:18
FNDA:5,constructor
FNDA:3,supportsInterface
FNDA:235,emitListingUpdated
FNDA:163,setListing
FNDA:6,closeListing
FNDA:12,acceptListing
FNDA:24,cancelListing
FNDA:7,denySuperadminControl
FNDA:21,getListingPrice
FNDA:9,getListingPrice
FNDA:23,setRoyaltyNumerator
FNDA:21,setListingFee
FNDA:22,cancelAllListings
FNDA:22,withdraw
FNDA:42,withdrawTokens
FNDA:26,pause
FNDA:20,unpause
FNDA:1,
DA:49,5
DA:50,5
DA:51,5
DA:52,5
DA:67,3
DA:78,235
DA:79,235
DA:109,163
DA:110,161
DA:111,160
DA:113,159
DA:114,159
DA:116,159
DA:117,6
DA:118,4
DA:123,2
DA:128,4
DA:130,153
DA:131,132
DA:132,131
DA:134,21
DA:138,3
DA:141,133
DA:145,132
DA:150,131
DA:160,131
DA:161,129
DA:163,129
DA:166,131
DA:180,6
DA:183,6
DA:187,6
DA:188,6
DA:189,3
DA:194,3
DA:202,3
DA:205,6
DA:210,6
DA:221,6
DA:224,6
DA:247,12
DA:248,2
DA:250,10
DA:253,10
DA:255,10
DA:257,9
DA:262,8
DA:267,7
DA:269,7
DA:271,6
DA:279,24
DA:280,24
DA:282,23
DA:283,2
DA:288,21
DA:295,5
DA:298,5
DA:300,5
DA:308,7
DA:325,21
DA:327,19
DA:328,19
DA:330,17
DA:333,2
DA:336,19
DA:339,7
DA:340,7
DA:341,6
DA:343,1
DA:346,12
DA:347,10
DA:349,2
DA:359,9
DA:360,8
DA:361,8
DA:376,23
DA:377,3
DA:378,3
DA:386,21
DA:387,2
DA:388,2
DA:397,22
DA:398,3
DA:399,3
DA:404,101
DA:405,100
DA:407,100
DA:408,100
DA:409,98
DA:412,98
DA:420,98
DA:422,98
DA:425,1
DA:429,3
DA:438,22
DA:439,3
DA:440,2
DA:458,42
DA:459,4
DA:465,3
DA:468,3
DA:469,2
DA:470,2
DA:472,1
DA:473,1
DA:482,26
DA:483,7
DA:490,20
DA:491,1
DA:498,1
DA:505,1
LF:111
LH:111
BRDA:68,1,0,1
BRDA:68,1,1,1
BRDA:68,2,0,1
BRDA:68,2,1,1
BRDA:108,3,0,163
BRDA:108,3,1,2
BRDA:109,4,0,161
BRDA:109,4,1,2
BRDA:110,5,0,160
BRDA:110,5,1,1
BRDA:111,6,0,159
BRDA:111,6,1,1
BRDA:116,7,0,6
BRDA:116,7,1,153
BRDA:117,8,0,4
BRDA:117,8,1,2
BRDA:118,9,0,3
BRDA:118,9,1,1
BRDA:123,10,0,1
BRDA:123,10,1,1
BRDA:128,11,0,2
BRDA:128,11,1,2
BRDA:130,12,0,132
BRDA:130,12,1,21
BRDA:131,13,0,131
BRDA:131,13,1,1
BRDA:132,14,0,129
BRDA:132,14,1,2
BRDA:134,15,0,3
BRDA:134,15,1,18
BRDA:138,16,0,2
BRDA:138,16,1,1
BRDA:141,17,0,132
BRDA:141,17,1,1
BRDA:142,18,0,124
BRDA:142,18,1,8
BRDA:145,19,0,131
BRDA:145,19,1,1
BRDA:146,20,0,124
BRDA:146,20,1,7
BRDA:160,21,0,129
BRDA:160,21,1,2
BRDA:188,22,0,3
BRDA:188,22,1,3
BRDA:246,23,0,12
BRDA:246,23,1,1
BRDA:247,24,0,2
BRDA:247,24,1,10
BRDA:248,25,0,1
BRDA:248,25,1,1
BRDA:250,26,0,9
BRDA:250,26,1,1
BRDA:255,27,0,9
BRDA:255,27,1,1
BRDA:257,28,0,8
BRDA:257,28,1,1
BRDA:258,29,0,4
BRDA:258,29,1,4
BRDA:262,30,0,7
BRDA:262,30,1,1
BRDA:269,31,0,6
BRDA:269,31,1,1
BRDA:278,32,0,24
BRDA:278,32,1,1
BRDA:280,33,0,23
BRDA:280,33,1,1
BRDA:282,34,0,2
BRDA:282,34,1,21
BRDA:283,35,0,1
BRDA:283,35,1,1
BRDA:288,36,0,4
BRDA:288,36,1,17
BRDA:289,37,0,3
BRDA:289,37,1,1
BRDA:325,38,0,19
BRDA:325,38,1,2
BRDA:328,39,0,17
BRDA:328,39,1,2
BRDA:336,40,0,7
BRDA:336,40,1,12
BRDA:340,41,0,6
BRDA:340,41,1,1
BRDA:346,42,0,10
BRDA:346,42,1,2
BRDA:359,43,0,8
BRDA:359,43,1,1
BRDA:376,44,0,3
BRDA:376,44,1,20
BRDA:386,45,0,2
BRDA:386,45,1,19
BRDA:396,46,0,22
BRDA:396,46,1,1
BRDA:397,47,0,3
BRDA:397,47,1,19
BRDA:404,48,0,100
BRDA:404,48,1,1
BRDA:408,49,0,98
BRDA:408,49,1,2
BRDA:438,50,0,3
BRDA:438,50,1,19
BRDA:439,51,0,2
BRDA:439,51,1,1
BRDA:458,52,0,4
BRDA:458,52,1,38
BRDA:459,53,0,3
BRDA:459,53,1,1
BRDA:468,54,0,2
BRDA:468,54,1,1
BRDA:470,55,0,1
BRDA:470,55,1,1
BRDA:482,56,0,7
BRDA:482,56,1,19
BRDA:490,57,0,1
BRDA:490,57,1,19
BRF:114
BRH:114
end_of_record
TN:
SF:/Users/rwalters/Documents/GitHub.nosync/contracts/contracts/ListingsInterface.sol
FNF:0
FNH:0
LF:0
LH:0
BRF:0
BRH:0
end_of_record
TN:
SF:/Users/rwalters/Documents/GitHub.nosync/contracts/contracts/Offers.sol
FN:48,constructor
FN:58,supportsInterface
FN:78,encodeKey
FN:89,emitOfferUpdated
FN:110,setOffer
FN:203,acceptOffer
FN:276,cancelOffer
FN:309,denySuperadminControl
FN:317,setRoyaltyNumerator
FN:327,setOfferFee
FN:339,cancelAllOffers
FN:381,withdraw
FN:396,withdrawTokens
FN:414,pause
FN:422,unpause
FN:437,
FNF:16
FNH:16
FNDA:5,constructor
FNDA:3,supportsInterface
FNDA:454,encodeKey
FNDA:230,emitOfferUpdated
FNDA:174,setOffer
FNDA:7,acceptOffer
FNDA:9,cancelOffer
FNDA:5,denySuperadminControl
FNDA:22,setRoyaltyNumerator
FNDA:21,setOfferFee
FNDA:22,cancelAllOffers
FNDA:22,withdraw
FNDA:41,withdrawTokens
FNDA:25,pause
FNDA:21,unpause
FNDA:1,
DA:49,5
DA:50,5
DA:51,5
DA:52,5
DA:67,3
DA:82,454
DA:90,230
DA:111,174
DA:112,6
DA:114,168
DA:117,155
DA:118,154
DA:123,153
DA:124,132
DA:125,131
DA:127,130
DA:128,130
DA:130,130
DA:132,126
DA:133,4
DA:135,122
DA:137,122
DA:140,4
DA:143,125
DA:144,125
DA:145,125
DA:146,125
DA:147,125
DA:149,125
DA:152,122
DA:160,3
DA:163,1
DA:179,1
DA:189,125
DA:204,7
DA:205,3
DA:210,4
DA:213,5
DA:214,5
DA:215,5
DA:216,4
DA:218,3
DA:219,2
DA:223,2
DA:226,2
DA:230,2
DA:231,2
DA:232,1
DA:236,1
DA:244,1
DA:250,2
DA:259,2
DA:269,2
DA:277,9
DA:278,3
DA:280,6
DA:286,6
DA:287,6
DA:288,6
DA:291,5
DA:294,5
DA:302,5
DA:310,5
DA:318,22
DA:319,2
DA:320,2
DA:328,21
DA:329,2
DA:330,2
DA:340,22
DA:341,3
DA:342,3
DA:347,101
DA:348,100
DA:349,100
DA:350,100
DA:352,100
DA:353,98
DA:356,98
DA:364,98
DA:365,98
DA:368,1
DA:373,3
DA:382,22
DA:383,4
DA:384,3
DA:401,41
DA:402,3
DA:408,2
DA:415,25
DA:416,6
DA:423,21
DA:424,2
DA:431,1
DA:438,1
LF:95
LH:95
BRDA:68,1,0,1
BRDA:68,1,1,1
BRDA:68,2,0,1
BRDA:68,2,1,1
BRDA:110,3,0,174
BRDA:110,3,1,1
BRDA:111,4,0,6
BRDA:111,4,1,168
BRDA:112,5,0,5
BRDA:112,5,1,1
BRDA:114,6,0,150
BRDA:114,6,1,18
BRDA:117,7,0,154
BRDA:117,7,1,1
BRDA:118,8,0,153
BRDA:118,8,1,1
BRDA:119,9,0,135
BRDA:119,9,1,18
BRDA:123,10,0,132
BRDA:123,10,1,21
BRDA:124,11,0,131
BRDA:124,11,1,1
BRDA:125,12,0,130
BRDA:125,12,1,1
BRDA:130,13,0,126
BRDA:130,13,1,4
BRDA:132,14,0,4
BRDA:132,14,1,122
BRDA:133,15,0,2
BRDA:133,15,1,2
BRDA:135,16,0,120
BRDA:135,16,1,2
BRDA:140,17,0,3
BRDA:140,17,1,1
BRDA:149,18,0,122
BRDA:149,18,1,3
BRDA:160,19,0,1
BRDA:160,19,1,2
BRDA:170,20,0,1
BRDA:170,20,1,1
BRDA:203,21,0,7
BRDA:203,21,1,1
BRDA:204,22,0,3
BRDA:204,22,1,4
BRDA:205,23,0,2
BRDA:205,23,1,1
BRDA:210,24,0,3
BRDA:210,24,1,1
BRDA:215,25,0,4
BRDA:215,25,1,1
BRDA:216,26,0,3
BRDA:216,26,1,1
BRDA:218,27,0,2
BRDA:218,27,1,1
BRDA:219,28,0,1
BRDA:219,28,1,1
BRDA:231,29,0,1
BRDA:231,29,1,1
BRDA:276,30,0,9
BRDA:276,30,1,1
BRDA:277,31,0,3
BRDA:277,31,1,6
BRDA:278,32,0,1
BRDA:278,32,1,2
BRDA:280,33,0,5
BRDA:280,33,1,1
BRDA:281,34,0,4
BRDA:281,34,1,1
BRDA:288,35,0,5
BRDA:288,35,1,1
BRDA:318,36,0,2
BRDA:318,36,1,20
BRDA:328,37,0,2
BRDA:328,37,1,19
BRDA:339,38,0,22
BRDA:339,38,1,1
BRDA:340,39,0,3
BRDA:340,39,1,19
BRDA:347,40,0,100
BRDA:347,40,1,1
BRDA:352,41,0,98
BRDA:352,41,1,2
BRDA:382,42,0,4
BRDA:382,42,1,18
BRDA:383,43,0,3
BRDA:383,43,1,1
BRDA:401,44,0,3
BRDA:401,44,1,38
BRDA:402,45,0,2
BRDA:402,45,1,1
BRDA:415,46,0,6
BRDA:415,46,1,19
BRDA:423,47,0,2
BRDA:423,47,1,19
BRF:94
BRH:94
end_of_record
TN:
SF:/Users/rwalters/Documents/GitHub.nosync/contracts/contracts/OffersInterface.sol
FNF:0
FNH:0
LF:0
LH:0
BRF:0
BRH:0
end_of_record
TN:
SF:/Users/rwalters/Documents/GitHub.nosync/contracts/contracts/Tokens.sol
FN:116,constructor
FN:151,supportsInterface
FN:167,emitNFTUpdated
FN:185,safeTransferFrom
FN:219,safeBatchTransferFrom
FN:256,isMinted
FN:264,isBlocklisted
FN:272,isFullBenefit
FN:282,willUnsetFullBenefit
FN:292,isBridged
FN:300,isCorrect
FN:326,mineSCI
FN:367,createNFT
FN:409,mintNFT
FN:433,mintNFT
FN:459,superadminMintNFT
FN:491,getContentNodeKey
FN:507,getAdjacentContent
FN:561,appendNewContent
FN:637,appendContent
FN:674,superadminAppendContent
FN:690,setMintingFee
FN:700,setMiningFee
FN:710,setDifficulty
FN:720,setMiningInterval
FN:731,withdraw
FN:746,withdrawSCI
FN:757,setAdmin
FN:777,setBeneficiary
FN:796,setAttributes
FN:811,blocklist
FN:827,setFullBenefitFlag
FN:853,reportMarketplaceSale
FN:890,withdrawFromContract
FN:916,restoreToContract
FN:946,name
FN:954,symbol
FN:971,decimals
FN:978,totalSupply
FN:985,balanceOf
FN:999,transfer
FN:1011,allowance
FN:1028,approve
FN:1053,transferFrom
FN:1078,_transfer
FN:1110,burn
FN:1133,_approve
FN:1152,_spendAllowance
FN:1179,uri
FN:1190,balanceOf
FN:1208,balanceOfBatch
FN:1229,setApprovalForAll
FN:1236,isApprovedForAll
FN:1246,setApprovalForAllBatch
FN:1262,isApprovedForAllBatch
FN:1289,_safeTransferFrom
FN:1327,_safeBatchTransferFrom
FN:1390,_setURI
FN:1405,_mint
FN:1435,_setApprovalForAll
FN:1445,_doSafeTransferAcceptanceCheck
FN:1477,_doSafeBatchTransferAcceptanceCheck
FN:1521,
FNF:63
FNH:63
FNDA:11,constructor
FNDA:6,supportsInterface
FNDA:877,emitNFTUpdated
FNDA:514,safeTransferFrom
FNDA:21,safeBatchTransferFrom
FNDA:1221,isMinted
FNDA:296,isBlocklisted
FNDA:28,isFullBenefit
FNDA:7,willUnsetFullBenefit
FNDA:962,isBridged
FNDA:2726,isCorrect
FNDA:151,mineSCI
FNDA:419,createNFT
FNDA:3,mintNFT
FNDA:417,mintNFT
FNDA:20,superadminMintNFT
FNDA:97,getContentNodeKey
FNDA:28,getAdjacentContent
FNDA:27,appendNewContent
FNDA:97,appendContent
FNDA:28,superadminAppendContent
FNDA:26,setMintingFee
FNDA:121,setMiningFee
FNDA:22,setDifficulty
FNDA:21,setMiningInterval
FNDA:21,withdraw
FNDA:21,withdrawSCI
FNDA:161,setAdmin
FNDA:48,setBeneficiary
FNDA:23,setAttributes
FNDA:25,blocklist
FNDA:47,setFullBenefitFlag
FNDA:26,reportMarketplaceSale
FNDA:57,withdrawFromContract
FNDA:24,restoreToContract
FNDA:1,name
FNDA:1,symbol
FNDA:1,decimals
FNDA:26,totalSupply
FNDA:254,balanceOf
FNDA:128,transfer
FNDA:113,allowance
FNDA:87,approve
FNDA:72,transferFrom
FNDA:191,_transfer
FNDA:64,burn
FNDA:149,_approve
FNDA:72,_spendAllowance
FNDA:1,uri
FNDA:1341,balanceOf
FNDA:11,balanceOfBatch
FNDA:86,setApprovalForAll
FNDA:513,isApprovedForAll
FNDA:3,setApprovalForAllBatch
FNDA:2,isApprovedForAllBatch
FNDA:510,_safeTransferFrom
FNDA:17,_safeBatchTransferFrom
FNDA:11,_setURI
FNDA:565,_mint
FNDA:95,_setApprovalForAll
FNDA:1072,_doSafeTransferAcceptanceCheck
FNDA:14,_doSafeBatchTransferAcceptanceCheck
FNDA:2,
DA:132,11
DA:134,11
DA:136,11
DA:137,11
DA:138,11
DA:139,11
DA:140,11
DA:141,11
DA:143,11
DA:145,11
DA:154,6
DA:168,877
DA:192,514
DA:196,511
DA:197,511
DA:198,269
DA:199,268
DA:200,267
DA:204,509
DA:206,505
DA:207,264
DA:226,21
DA:231,18
DA:232,68
DA:233,68
DA:234,59
DA:235,58
DA:236,57
DA:242,16
DA:244,10
DA:245,33
DA:246,33
DA:247,26
DA:257,1221
DA:265,296
DA:273,28
DA:283,7
DA:293,962
DA:301,2726
DA:302,119
DA:304,2607
DA:307,2607
DA:308,2607
DA:309,5083
DA:310,2734
DA:311,2734
DA:312,258
DA:315,2349
DA:318,2349
DA:327,151
DA:328,149
DA:329,148
DA:332,147
DA:334,147
DA:339,146
DA:341,146
DA:342,146
DA:343,146
DA:344,146
DA:345,146
DA:346,64
DA:347,64
DA:348,64
DA:350,64
DA:351,2
DA:355,146
DA:375,419
DA:377,418
DA:380,418
DA:381,418
DA:382,418
DA:383,418
DA:385,418
DA:386,418
DA:387,418
DA:389,418
DA:391,418
DA:393,418
DA:394,418
DA:416,3
DA:417,2
DA:419,2
DA:434,417
DA:435,415
DA:438,415
DA:440,415
DA:467,20
DA:473,2
DA:496,97
DA:512,28
DA:513,27
DA:516,26
DA:519,26
DA:520,26
DA:525,26
DA:528,26
DA:529,12
DA:532,26
DA:534,26
DA:535,31
DA:536,31
DA:538,31
DA:543,31
DA:545,31
DA:549,26
DA:551,24
DA:567,27
DA:568,26
DA:571,25
DA:574,25
DA:575,25
DA:580,25
DA:583,25
DA:586,23
DA:587,11
DA:591,23
DA:592,18
DA:594,18
DA:595,15
DA:600,15
DA:604,20
DA:610,20
DA:611,20
DA:612,20
DA:613,20
DA:615,20
DA:616,11
DA:623,9
DA:642,97
DA:643,95
DA:644,94
DA:645,93
DA:646,44
DA:647,44
DA:653,49
DA:654,49
DA:659,19
DA:680,28
DA:681,27
DA:682,8
DA:683,7
DA:691,26
DA:692,7
DA:693,7
DA:701,121
DA:702,102
DA:703,102
DA:711,22
DA:712,3
DA:713,3
DA:721,21
DA:722,2
DA:723,2
DA:732,21
DA:733,2
DA:734,1
DA:747,21
DA:748,2
DA:749,1
DA:758,161
DA:759,160
DA:760,160
DA:765,123
DA:767,122
DA:769,122
DA:778,48
DA:779,47
DA:780,47
DA:784,9
DA:786,8
DA:788,8
DA:797,23
DA:798,22
DA:799,3
DA:801,2
DA:803,2
DA:812,25
DA:813,24
DA:814,5
DA:816,4
DA:819,4
DA:828,47
DA:829,46
DA:830,46
DA:834,8
DA:836,7
DA:837,2
DA:840,7
DA:862,26
DA:864,9
DA:868,8
DA:871,8
DA:873,9
DA:891,57
DA:892,56
DA:893,55
DA:894,55
DA:898,18
DA:900,17
DA:901,17
DA:903,17
DA:923,24
DA:924,23
DA:925,22
DA:926,2
DA:931,1
DA:933,1
DA:934,1
DA:935,1
DA:936,1
DA:938,1
DA:940,1
DA:947,1
DA:955,1
DA:972,1
DA:979,26
DA:988,254
DA:1003,128
DA:1004,128
DA:1005,119
DA:1015,113
DA:1032,87
DA:1033,87
DA:1034,86
DA:1058,72
DA:1059,72
DA:1060,62
DA:1061,50
DA:1083,191
DA:1084,190
DA:1085,188
DA:1086,188
DA:1091,169
DA:1092,169
DA:1094,169
DA:1096,169
DA:1111,64
DA:1112,64
DA:1113,63
DA:1114,63
DA:1115,63
DA:1117,63
DA:1138,149
DA:1139,148
DA:1140,147
DA:1141,147
DA:1157,72
DA:1158,72
DA:1159,71
DA:1163,61
DA:1164,61
DA:1180,1
DA:1194,1341
DA:1198,1340
DA:1212,11
DA:1217,10
DA:1219,10
DA:1220,60
DA:1223,10
DA:1230,86
DA:1240,513
DA:1250,3
DA:1254,2
DA:1255,9
DA:1266,2
DA:1270,1
DA:1271,1
DA:1272,8
DA:1274,1
DA:1296,510
DA:1298,509
DA:1300,509
DA:1301,509
DA:1305,508
DA:1306,508
DA:1308,508
DA:1310,508
DA:1314,508
DA:1334,17
DA:1338,16
DA:1340,15
DA:1342,15
DA:1343,56
DA:1344,56
DA:1346,56
DA:1347,56
DA:1351,55
DA:1352,55
DA:1354,55
DA:1357,14
DA:1361,14
DA:1391,11
DA:1411,565
DA:1413,564
DA:1415,564
DA:1416,564
DA:1420,564
DA:1440,95
DA:1441,94
DA:1442,94
DA:1454,1072
DA:1455,255
DA:1466,253
DA:1467,1
DA:1470,1
DA:1472,1
DA:1486,14
DA:1487,11
DA:1498,8
DA:1501,1
DA:1504,2
DA:1506,1
DA:1515,1
DA:1522,2
LF:314
LH:314
BRDA:155,1,0,1
BRDA:155,1,1,1
BRDA:155,2,0,1
BRDA:155,2,1,1
BRDA:155,3,0,1
BRDA:155,3,1,1
BRDA:155,4,0,1
BRDA:155,4,1,1
BRDA:155,5,0,1
BRDA:155,5,1,1
BRDA:192,6,0,511
BRDA:192,6,1,3
BRDA:193,7,0,246
BRDA:193,7,1,265
BRDA:197,8,0,269
BRDA:197,8,1,242
BRDA:198,9,0,268
BRDA:198,9,1,1
BRDA:199,10,0,267
BRDA:199,10,1,1
BRDA:206,11,0,264
BRDA:206,11,1,241
BRDA:226,12,0,18
BRDA:226,12,1,3
BRDA:227,13,0,17
BRDA:227,13,1,1
BRDA:233,14,0,59
BRDA:233,14,1,9
BRDA:234,15,0,58
BRDA:234,15,1,1
BRDA:235,16,0,57
BRDA:235,16,1,1
BRDA:246,17,0,26
BRDA:246,17,1,7
BRDA:301,18,0,119
BRDA:301,18,1,2607
BRDA:309,19,0,2734
BRDA:309,19,1,2349
BRDA:311,20,0,258
BRDA:311,20,1,2476
BRDA:327,21,0,149
BRDA:327,21,1,2
BRDA:328,22,0,148
BRDA:328,22,1,1
BRDA:329,23,0,147
BRDA:329,23,1,1
BRDA:334,24,0,146
BRDA:334,24,1,1
BRDA:345,25,0,64
BRDA:345,25,1,82
BRDA:350,26,0,2
BRDA:350,26,1,62
BRDA:375,27,0,418
BRDA:375,27,1,1
BRDA:416,28,0,2
BRDA:416,28,1,1
BRDA:434,29,0,415
BRDA:434,29,1,2
BRDA:467,30,0,2
BRDA:467,30,1,18
BRDA:468,31,0,1
BRDA:468,31,1,1
BRDA:512,32,0,27
BRDA:512,32,1,1
BRDA:513,33,0,26
BRDA:513,33,1,1
BRDA:528,34,0,12
BRDA:528,34,1,14
BRDA:549,35,0,24
BRDA:549,35,1,2
BRDA:567,36,0,26
BRDA:567,36,1,1
BRDA:568,37,0,25
BRDA:568,37,1,1
BRDA:583,38,0,23
BRDA:583,38,1,2
BRDA:586,39,0,11
BRDA:586,39,1,12
BRDA:594,40,0,15
BRDA:594,40,1,3
BRDA:615,41,0,11
BRDA:615,41,1,9
BRDA:642,42,0,95
BRDA:642,42,1,2
BRDA:643,43,0,94
BRDA:643,43,1,1
BRDA:644,44,0,93
BRDA:644,44,1,1
BRDA:645,45,0,44
BRDA:645,45,1,49
BRDA:647,46,0,7
BRDA:647,46,1,37
BRDA:648,47,0,6
BRDA:648,47,1,1
BRDA:654,48,0,12
BRDA:654,48,1,37
BRDA:655,49,0,11
BRDA:655,49,1,1
BRDA:680,50,0,27
BRDA:680,50,1,1
BRDA:681,51,0,8
BRDA:681,51,1,19
BRDA:682,52,0,7
BRDA:682,52,1,1
BRDA:691,53,0,7
BRDA:691,53,1,19
BRDA:701,54,0,102
BRDA:701,54,1,19
BRDA:711,55,0,3
BRDA:711,55,1,19
BRDA:721,56,0,2
BRDA:721,56,1,19
BRDA:732,57,0,2
BRDA:732,57,1,19
BRDA:733,58,0,1
BRDA:733,58,1,1
BRDA:747,59,0,2
BRDA:747,59,1,19
BRDA:748,60,0,1
BRDA:748,60,1,1
BRDA:758,61,0,160
BRDA:758,61,1,1
BRDA:760,62,0,123
BRDA:760,62,1,37
BRDA:761,63,0,122
BRDA:761,63,1,1
BRDA:765,64,0,122
BRDA:765,64,1,1
BRDA:778,65,0,47
BRDA:778,65,1,1
BRDA:780,66,0,9
BRDA:780,66,1,38
BRDA:781,67,0,8
BRDA:781,67,1,1
BRDA:784,68,0,8
BRDA:784,68,1,1
BRDA:797,69,0,22
BRDA:797,69,1,1
BRDA:798,70,0,3
BRDA:798,70,1,19
BRDA:799,71,0,2
BRDA:799,71,1,1
BRDA:812,72,0,24
BRDA:812,72,1,1
BRDA:813,73,0,5
BRDA:813,73,1,19
BRDA:814,74,0,4
BRDA:814,74,1,1
BRDA:816,75,0,3
BRDA:816,75,1,1
BRDA:828,76,0,46
BRDA:828,76,1,1
BRDA:830,77,0,8
BRDA:830,77,1,38
BRDA:831,78,0,6
BRDA:831,78,1,2
BRDA:834,79,0,7
BRDA:834,79,1,1
BRDA:836,80,0,2
BRDA:836,80,1,5
BRDA:862,81,0,9
BRDA:862,81,1,17
BRDA:864,82,0,8
BRDA:864,82,1,1
BRDA:891,83,0,56
BRDA:891,83,1,1
BRDA:892,84,0,55
BRDA:892,84,1,1
BRDA:894,85,0,18
BRDA:894,85,1,37
BRDA:895,86,0,17
BRDA:895,86,1,1
BRDA:898,87,0,17
BRDA:898,87,1,1
BRDA:923,88,0,23
BRDA:923,88,1,1
BRDA:924,89,0,22
BRDA:924,89,1,1
BRDA:925,90,0,2
BRDA:925,90,1,20
BRDA:926,91,0,1
BRDA:926,91,1,1
BRDA:1083,92,0,190
BRDA:1083,92,1,1
BRDA:1084,93,0,188
BRDA:1084,93,1,2
BRDA:1086,94,0,169
BRDA:1086,94,1,19
BRDA:1112,95,0,63
BRDA:1112,95,1,1
BRDA:1138,96,0,148
BRDA:1138,96,1,1
BRDA:1139,97,0,147
BRDA:1139,97,1,1
BRDA:1158,98,0,71
BRDA:1158,98,1,1
BRDA:1159,99,0,61
BRDA:1159,99,1,10
BRDA:1194,100,0,1340
BRDA:1194,100,1,1
BRDA:1212,101,0,10
BRDA:1212,101,1,1
BRDA:1250,102,0,2
BRDA:1250,102,1,1
BRDA:1266,103,0,1
BRDA:1266,103,1,1
BRDA:1296,104,0,509
BRDA:1296,104,1,1
BRDA:1301,105,0,508
BRDA:1301,105,1,1
BRDA:1334,106,0,16
BRDA:1334,106,1,1
BRDA:1338,107,0,15
BRDA:1338,107,1,1
BRDA:1347,108,0,55
BRDA:1347,108,1,1
BRDA:1411,109,0,564
BRDA:1411,109,1,1
BRDA:1440,110,0,94
BRDA:1440,110,1,1
BRDA:1454,111,0,255
BRDA:1454,111,1,817
BRDA:1466,112,0,1
BRDA:1466,112,1,252
BRDA:1486,113,0,11
BRDA:1486,113,1,3
BRDA:1498,114,0,1
BRDA:1498,114,1,7
BRF:228
BRH:228
end_of_record
TN:
SF:/Users/rwalters/Documents/GitHub.nosync/contracts/contracts/TokensInterface.sol
FNF:0
FNH:0
LF:0
LH:0
BRF:0
BRH:0
end_of_record
